[ocr2][11/14/2019 10:52:44] >>> Clean old results on working directory
[ocr2][11/14/2019 10:52:44] End of step Clean old results on working directory successfully: 1.78813934326e-05s
[ocr2][11/14/2019 10:52:44] >>> Update data for build packages on node
[ocr2][11/14/2019 10:52:44] >>> Update hanoi release packages on test node
[ocr2][11/14/2019 10:52:44] End of step Update hanoi release packages on test node successfully: 0.0842590332031s
[ocr2][11/14/2019 10:52:44] >>> Get release build packages for testing
[ocr2][11/14/2019 10:52:46] End of step Get release build packages for testing successfully: 1.47733211517s
[ocr2][11/14/2019 10:52:46] >>> Prepare test cases on node
[ocr2][11/14/2019 10:52:46] >>> Distribute test cases to workers folder
self.workers in worker_manager_test.py: [<manager.lib_vm.vm_test_linux.VmTestLinux object at 0x7f776d91cbd0>, <manager.lib_vm.vm_test_linux.VmTestLinux object at 0x7f776d91cd50>]
worker in worker_manager_test.py: <manager.lib_vm.vm_test_linux.VmTestLinux object at 0x7f776d91cbd0>
platform_folder in worker_manager_test.py:linux_results
test_list_db in worker_manager_test.py: [u'FULL_COLOR_70_PAGES', u'Memcheck_ROTATE_pdf_2_pages_01', u'Memcheck_FileSizeOpt_PDF_deskew_orientation_1page_01', u'Memcheck_A_12076_Japanese014_Page0002_32bitdepth', u'UNIT_TEST_PHOcrDocumentExportTest', u'Memcheck_Web_api_auto_color_pdf_optm_deskew_orientation', u'Memcheck_Web_api_auto_color_pdf_optm', u'Memcheck_FileSizeOpt_PDFA_PHOTO_HALFTONE_deskew_orientation_12_D-011-e-STUDIOdatasheet4pages-C-300_page_0003', u'Memcheck_FileSizeOpt_PDFA_HALFTONE_deskew_orientation_11_D-011-e-STUDIOdatasheet4pages-C-300_page_0002', u'Bug_28153_PDF_wrong_scale_size_01_0033', u'02_0281', u'ZonalOCR_NITTSU_Page0001_zone0', u'ZonalOCR_SEKSUN_Page0001_zone0', u'25_Text_Graph_2_000', u'24_Text_Graph_000', u'32_Text_Table_000', u'PDF_FileSizeOptimisation_PDF_deskew_orientation_59_Italian_Testfile_1', u'PDF_FileSizeOptimisation_PDF_57_German_Testfile_1', u'ZonalOCR_AICL_Page0004_zone7', u'57_German_Testfile_1']
woker_test_folder in worker_manager_test.py: linux_results/Ubuntu10.04-32bit-2/TESTS
test_name in test_list_db: FULL_COLOR_70_PAGES
[ocr2][11/14/2019 10:52:46] [Ubuntu10.04-32bit-2][1/20] FULL_COLOR_70_PAGES
src_path in worker:/media/ocr2/disk2/MekongTC/FULL_COLOR_70_PAGES
test_name in test_list_db: Memcheck_ROTATE_pdf_2_pages_01
[ocr2][11/14/2019 10:52:49] [Ubuntu10.04-32bit-2][2/20] Memcheck_ROTATE_pdf_2_pages_01
src_path in worker:/media/ocr2/disk2/MekongTC/Memcheck_ROTATE_pdf_2_pages_01
test_name in test_list_db: Memcheck_FileSizeOpt_PDF_deskew_orientation_1page_01
[ocr2][11/14/2019 10:52:49] [Ubuntu10.04-32bit-2][3/20] Memcheck_FileSizeOpt_PDF_deskew_orientation_1page_01
src_path in worker:/media/ocr2/disk2/MekongTC/Memcheck_FileSizeOpt_PDF_deskew_orientation_1page_01
test_name in test_list_db: Memcheck_A_12076_Japanese014_Page0002_32bitdepth
[ocr2][11/14/2019 10:52:49] [Ubuntu10.04-32bit-2][4/20] Memcheck_A_12076_Japanese014_Page0002_32bitdepth
src_path in worker:/media/ocr2/disk2/MekongTC/Memcheck_A_12076_Japanese014_Page0002_32bitdepth
test_name in test_list_db: UNIT_TEST_PHOcrDocumentExportTest
[ocr2][11/14/2019 10:52:49] [Ubuntu10.04-32bit-2][5/20] UNIT_TEST_PHOcrDocumentExportTest
src_path in worker:/media/ocr2/disk2/MekongTC/UNIT_TEST_PHOcrDocumentExportTest
test_name in test_list_db: Memcheck_Web_api_auto_color_pdf_optm_deskew_orientation
[ocr2][11/14/2019 10:52:50] [Ubuntu10.04-32bit-2][6/20] Memcheck_Web_api_auto_color_pdf_optm_deskew_orientation
src_path in worker:/media/ocr2/disk2/MekongTC/Memcheck_Web_api_auto_color_pdf_optm_deskew_orientation
test_name in test_list_db: Memcheck_Web_api_auto_color_pdf_optm
[ocr2][11/14/2019 10:52:50] [Ubuntu10.04-32bit-2][7/20] Memcheck_Web_api_auto_color_pdf_optm
src_path in worker:/media/ocr2/disk2/MekongTC/Memcheck_Web_api_auto_color_pdf_optm
test_name in test_list_db: Memcheck_FileSizeOpt_PDFA_PHOTO_HALFTONE_deskew_orientation_12_D-011-e-STUDIOdatasheet4pages-C-300_page_0003
[ocr2][11/14/2019 10:52:50] [Ubuntu10.04-32bit-2][8/20] Memcheck_FileSizeOpt_PDFA_PHOTO_HALFTONE_deskew_orientation_12_D-011-e-STUDIOdatasheet4pages-C-300_page_0003
src_path in worker:/media/ocr2/disk2/MekongTC/Memcheck_FileSizeOpt_PDFA_PHOTO_HALFTONE_deskew_orientation_12_D-011-e-STUDIOdatasheet4pages-C-300_page_0003
test_name in test_list_db: Memcheck_FileSizeOpt_PDFA_HALFTONE_deskew_orientation_11_D-011-e-STUDIOdatasheet4pages-C-300_page_0002
[ocr2][11/14/2019 10:52:50] [Ubuntu10.04-32bit-2][9/20] Memcheck_FileSizeOpt_PDFA_HALFTONE_deskew_orientation_11_D-011-e-STUDIOdatasheet4pages-C-300_page_0002
src_path in worker:/media/ocr2/disk2/MekongTC/Memcheck_FileSizeOpt_PDFA_HALFTONE_deskew_orientation_11_D-011-e-STUDIOdatasheet4pages-C-300_page_0002
test_name in test_list_db: Bug_28153_PDF_wrong_scale_size_01_0033
[ocr2][11/14/2019 10:52:50] [Ubuntu10.04-32bit-2][10/20] Bug_28153_PDF_wrong_scale_size_01_0033
src_path in worker:/media/ocr2/disk2/MekongTC/Bug_28153_PDF_wrong_scale_size_01_0033
test_name in test_list_db: 02_0281
[ocr2][11/14/2019 10:52:50] [Ubuntu10.04-32bit-2][11/20] 02_0281
src_path in worker:/media/ocr2/disk2/MekongTC/02_0281
test_name in test_list_db: ZonalOCR_NITTSU_Page0001_zone0
[ocr2][11/14/2019 10:52:50] [Ubuntu10.04-32bit-2][12/20] ZonalOCR_NITTSU_Page0001_zone0
src_path in worker:/media/ocr2/disk2/MekongTC/ZonalOCR_NITTSU_Page0001_zone0
test_name in test_list_db: ZonalOCR_SEKSUN_Page0001_zone0
[ocr2][11/14/2019 10:52:50] [Ubuntu10.04-32bit-2][13/20] ZonalOCR_SEKSUN_Page0001_zone0
src_path in worker:/media/ocr2/disk2/MekongTC/ZonalOCR_SEKSUN_Page0001_zone0
test_name in test_list_db: 25_Text_Graph_2_000
[ocr2][11/14/2019 10:52:51] [Ubuntu10.04-32bit-2][14/20] 25_Text_Graph_2_000
src_path in worker:/media/ocr2/disk2/MekongTC/25_Text_Graph_2_000
test_name in test_list_db: 24_Text_Graph_000
[ocr2][11/14/2019 10:52:51] [Ubuntu10.04-32bit-2][15/20] 24_Text_Graph_000
src_path in worker:/media/ocr2/disk2/MekongTC/24_Text_Graph_000
test_name in test_list_db: 32_Text_Table_000
[ocr2][11/14/2019 10:52:51] [Ubuntu10.04-32bit-2][16/20] 32_Text_Table_000
src_path in worker:/media/ocr2/disk2/MekongTC/32_Text_Table_000
test_name in test_list_db: PDF_FileSizeOptimisation_PDF_deskew_orientation_59_Italian_Testfile_1
[ocr2][11/14/2019 10:52:51] [Ubuntu10.04-32bit-2][17/20] PDF_FileSizeOptimisation_PDF_deskew_orientation_59_Italian_Testfile_1
src_path in worker:/media/ocr2/disk2/MekongTC/PDF_FileSizeOptimisation_PDF_deskew_orientation_59_Italian_Testfile_1
test_name in test_list_db: PDF_FileSizeOptimisation_PDF_57_German_Testfile_1
[ocr2][11/14/2019 10:52:51] [Ubuntu10.04-32bit-2][18/20] PDF_FileSizeOptimisation_PDF_57_German_Testfile_1
src_path in worker:/media/ocr2/disk2/MekongTC/PDF_FileSizeOptimisation_PDF_57_German_Testfile_1
test_name in test_list_db: ZonalOCR_AICL_Page0004_zone7
[ocr2][11/14/2019 10:52:51] [Ubuntu10.04-32bit-2][19/20] ZonalOCR_AICL_Page0004_zone7
src_path in worker:/media/ocr2/disk2/MekongTC/ZonalOCR_AICL_Page0004_zone7
test_name in test_list_db: 57_German_Testfile_1
[ocr2][11/14/2019 10:52:51] [Ubuntu10.04-32bit-2][20/20] 57_German_Testfile_1
src_path in worker:/media/ocr2/disk2/MekongTC/57_German_Testfile_1
worker in worker_manager_test.py: <manager.lib_vm.vm_test_linux.VmTestLinux object at 0x7f776d91cd50>
platform_folder in worker_manager_test.py:linux_results
test_list_db in worker_manager_test.py: [u'FULL_COLOR_60_PAGES', u'FULL_COLOR_50_PAGES', u'BUG_28285_41-pager', u'Memcheck_FileSizeOpt_PDF_deskew_orientation_A4_300DPI_GS_SinglePage_tif', u'Memcheck_PDFA_06_3BillsCondensed01_page_0002', u'Memcheck_Web_api_gray_pdfa_halftone_optm_deskew_orientation', u'Memcheck_Web_api_gray_pdfa_halftone_optm', u'Memcheck_Web_api_gray_pdfa_bin_optm', u'UNIT_TEST_PHOcrSetting_OCRMultiPagesInParallelTest', u'Single_File_10_PAGES', u'Memcheck_Excel_23_Table_000_PoC_FinalTarget1', u'NSW-Multi-AP-with-PO-Invoice-19052015113740', u'59_Italian_Testfile_1', u'55_French_Testfile_1', u'UNIT_TEST_PHOcrDocumentConstructorTest', u'NO_OCR_PDF_PDFA_25_Text_Graph_2_000', u'UNIT_TEST_PHOcrSetting_MemoryPeakThresholdTest']
woker_test_folder in worker_manager_test.py: linux_results/Ubuntu10.04-32bit-1/TESTS
test_name in test_list_db: FULL_COLOR_60_PAGES
[ocr2][11/14/2019 10:52:52] [Ubuntu10.04-32bit-1][1/17] FULL_COLOR_60_PAGES
src_path in worker:/media/ocr2/disk2/MekongTC/FULL_COLOR_60_PAGES
test_name in test_list_db: FULL_COLOR_50_PAGES
[ocr2][11/14/2019 10:52:54] [Ubuntu10.04-32bit-1][2/17] FULL_COLOR_50_PAGES
src_path in worker:/media/ocr2/disk2/MekongTC/FULL_COLOR_50_PAGES
test_name in test_list_db: BUG_28285_41-pager
[ocr2][11/14/2019 10:52:55] [Ubuntu10.04-32bit-1][3/17] BUG_28285_41-pager
src_path in worker:/media/ocr2/disk2/MekongTC/BUG_28285_41-pager
test_name in test_list_db: Memcheck_FileSizeOpt_PDF_deskew_orientation_A4_300DPI_GS_SinglePage_tif
[ocr2][11/14/2019 10:52:56] [Ubuntu10.04-32bit-1][4/17] Memcheck_FileSizeOpt_PDF_deskew_orientation_A4_300DPI_GS_SinglePage_tif
src_path in worker:/media/ocr2/disk2/MekongTC/Memcheck_FileSizeOpt_PDF_deskew_orientation_A4_300DPI_GS_SinglePage_tif
test_name in test_list_db: Memcheck_PDFA_06_3BillsCondensed01_page_0002
[ocr2][11/14/2019 10:52:56] [Ubuntu10.04-32bit-1][5/17] Memcheck_PDFA_06_3BillsCondensed01_page_0002
src_path in worker:/media/ocr2/disk2/MekongTC/Memcheck_PDFA_06_3BillsCondensed01_page_0002
test_name in test_list_db: Memcheck_Web_api_gray_pdfa_halftone_optm_deskew_orientation
[ocr2][11/14/2019 10:52:56] [Ubuntu10.04-32bit-1][6/17] Memcheck_Web_api_gray_pdfa_halftone_optm_deskew_orientation
src_path in worker:/media/ocr2/disk2/MekongTC/Memcheck_Web_api_gray_pdfa_halftone_optm_deskew_orientation
test_name in test_list_db: Memcheck_Web_api_gray_pdfa_halftone_optm
[ocr2][11/14/2019 10:52:57] [Ubuntu10.04-32bit-1][7/17] Memcheck_Web_api_gray_pdfa_halftone_optm
src_path in worker:/media/ocr2/disk2/MekongTC/Memcheck_Web_api_gray_pdfa_halftone_optm
test_name in test_list_db: Memcheck_Web_api_gray_pdfa_bin_optm
[ocr2][11/14/2019 10:52:57] [Ubuntu10.04-32bit-1][8/17] Memcheck_Web_api_gray_pdfa_bin_optm
src_path in worker:/media/ocr2/disk2/MekongTC/Memcheck_Web_api_gray_pdfa_bin_optm
test_name in test_list_db: UNIT_TEST_PHOcrSetting_OCRMultiPagesInParallelTest
[ocr2][11/14/2019 10:52:57] [Ubuntu10.04-32bit-1][9/17] UNIT_TEST_PHOcrSetting_OCRMultiPagesInParallelTest
src_path in worker:/media/ocr2/disk2/MekongTC/UNIT_TEST_PHOcrSetting_OCRMultiPagesInParallelTest
test_name in test_list_db: Single_File_10_PAGES
[ocr2][11/14/2019 10:52:57] [Ubuntu10.04-32bit-1][10/17] Single_File_10_PAGES
src_path in worker:/media/ocr2/disk2/MekongTC/Single_File_10_PAGES
test_name in test_list_db: Memcheck_Excel_23_Table_000_PoC_FinalTarget1
[ocr2][11/14/2019 10:52:58] [Ubuntu10.04-32bit-1][11/17] Memcheck_Excel_23_Table_000_PoC_FinalTarget1
src_path in worker:/media/ocr2/disk2/MekongTC/Memcheck_Excel_23_Table_000_PoC_FinalTarget1
test_name in test_list_db: NSW-Multi-AP-with-PO-Invoice-19052015113740
[ocr2][11/14/2019 10:52:58] [Ubuntu10.04-32bit-1][12/17] NSW-Multi-AP-with-PO-Invoice-19052015113740
src_path in worker:/media/ocr2/disk2/MekongTC/NSW-Multi-AP-with-PO-Invoice-19052015113740
test_name in test_list_db: 59_Italian_Testfile_1
[ocr2][11/14/2019 10:52:58] [Ubuntu10.04-32bit-1][13/17] 59_Italian_Testfile_1
src_path in worker:/media/ocr2/disk2/MekongTC/59_Italian_Testfile_1
test_name in test_list_db: 55_French_Testfile_1
[ocr2][11/14/2019 10:52:58] [Ubuntu10.04-32bit-1][14/17] 55_French_Testfile_1
src_path in worker:/media/ocr2/disk2/MekongTC/55_French_Testfile_1
test_name in test_list_db: UNIT_TEST_PHOcrDocumentConstructorTest
[ocr2][11/14/2019 10:52:58] [Ubuntu10.04-32bit-1][15/17] UNIT_TEST_PHOcrDocumentConstructorTest
src_path in worker:/media/ocr2/disk2/MekongTC/UNIT_TEST_PHOcrDocumentConstructorTest
test_name in test_list_db: NO_OCR_PDF_PDFA_25_Text_Graph_2_000
[ocr2][11/14/2019 10:52:59] [Ubuntu10.04-32bit-1][16/17] NO_OCR_PDF_PDFA_25_Text_Graph_2_000
src_path in worker:/media/ocr2/disk2/MekongTC/NO_OCR_PDF_PDFA_25_Text_Graph_2_000
test_name in test_list_db: UNIT_TEST_PHOcrSetting_MemoryPeakThresholdTest
[ocr2][11/14/2019 10:52:59] [Ubuntu10.04-32bit-1][17/17] UNIT_TEST_PHOcrSetting_MemoryPeakThresholdTest
src_path in worker:/media/ocr2/disk2/MekongTC/UNIT_TEST_PHOcrSetting_MemoryPeakThresholdTest
[ocr2][11/14/2019 10:52:59] 
Total test case in ocr2: 37
[ocr2][11/14/2019 10:52:59] End of step Distribute test cases to workers folder successfully: 13.1971290112s
[ocr2][11/14/2019 10:52:59] >>> Initial workers
[ocr2][11/14/2019 10:52:59] Workers:
[ocr2][11/14/2019 10:52:59] Ubuntu10.04-32bit-2: Working on linux
[ocr2][11/14/2019 10:52:59] Ubuntu10.04-32bit-1: Working on linux
[ocr2][11/14/2019 10:52:59] End of step Initial workers successfully: 0.000249147415161s
[ocr2][11/14/2019 10:52:59] >>> Wake up all workers
[ocr2][11/14/2019 10:53:07] End of step Wake up all workers successfully: 8.17177081108s
[ocr2][11/14/2019 10:53:07] >>> Working on virtual machines
[Ubuntu10.04-32bit-1][11/14/2019 10:53:32] >>> Add shared folder for virtual machine
[Ubuntu10.04-32bit-2][11/14/2019 10:53:32] >>> Add shared folder for virtual machine
[Ubuntu10.04-32bit-2][11/14/2019 10:53:32] vboxmanage sharedfolder add Ubuntu10.04-32bit-2 --name shared --hostpath /home/ocr2/jenkins/workspace/test/shared --transient
[Ubuntu10.04-32bit-1][11/14/2019 10:53:32] vboxmanage sharedfolder add Ubuntu10.04-32bit-1 --name shared --hostpath /home/ocr2/jenkins/workspace/test/shared --transient
[Ubuntu10.04-32bit-2][11/14/2019 10:53:32] End of step Add shared folder for virtual machine failed: 0.0875389575958s
[Ubuntu10.04-32bit-1][11/14/2019 10:53:32] End of step Add shared folder for virtual machine failed: 0.0876080989838s
[Ubuntu10.04-32bit-2][11/14/2019 10:53:32] >>> Mount shared folder on virtual machine
 [Ubuntu10.04-32bit-1][11/14/2019 10:53:32] >>> Mount shared folder on virtual machine
[Ubuntu10.04-32bit-1][11/14/2019 10:53:39] sudo -S mount -t vboxsf -o uid=1000,gid=1000 shared /home/test/shared
[Ubuntu10.04-32bit-2][11/14/2019 10:53:39] sudo -S mount -t vboxsf -o uid=1000,gid=1000 shared /home/test/shared
[Ubuntu10.04-32bit-1][11/14/2019 10:53:39] End of step Mount shared folder on virtual machine successfully: 6.39085817337s
[Ubuntu10.04-32bit-1][11/14/2019 10:53:39] >>> Get Mekong utilities
[Ubuntu10.04-32bit-2][11/14/2019 10:53:39] End of step Mount shared folder on virtual machine successfully: 6.4106669426s
[Ubuntu10.04-32bit-2][11/14/2019 10:53:39] >>> Get Mekong utilities
command get in vm_test_linux.py: cp -rn /home/test/shared/Ubuntu10.04-32bit-2/Mekong /home/test/Mekong
command get in vm_test_linux.py: cp -rn /home/test/shared/Ubuntu10.04-32bit-1/Mekong /home/test/Mekong
[Ubuntu10.04-32bit-2][11/14/2019 10:53:43] End of step Get Mekong utilities successfully: 3.8592569828s
[Ubuntu10.04-32bit-2][11/14/2019 10:53:43] >>> Get PHOcr build package
[Ubuntu10.04-32bit-1][11/14/2019 10:53:43] End of step Get Mekong utilities successfully: 3.88276791573s
[Ubuntu10.04-32bit-1][11/14/2019 10:53:43] >>> Get PHOcr build package
command get in vm_test_linux.py: cp -rn /home/test/shared/Ubuntu10.04-32bit-1/PHOcr_C2404_D3_linux_release /home/test/PHOcr_C2404_D3_linux_release
 command get in vm_test_linux.py: cp -rn /home/test/shared/Ubuntu10.04-32bit-2/PHOcr_C2404_D3_linux_release /home/test/PHOcr_C2404_D3_linux_release
command get in vm_test_linux.py: cp -rn /home/test/shared/Ubuntu10.04-32bit-1/PHOcr_C2404_D3_linux_memory /home/test/PHOcr_C2404_D3_linux_memory
command get in vm_test_linux.py: cp -rn /home/test/shared/Ubuntu10.04-32bit-2/PHOcr_C2404_D3_linux_memory /home/test/PHOcr_C2404_D3_linux_memory
[Ubuntu10.04-32bit-2][11/14/2019 10:53:47] End of step Get PHOcr build package successfully: 4.52471017838s
[Ubuntu10.04-32bit-2][11/14/2019 10:53:47] >>> Get Hanoi build release package
[Ubuntu10.04-32bit-1][11/14/2019 10:53:47] End of step Get PHOcr build package successfully: 4.52559304237s
[Ubuntu10.04-32bit-1][11/14/2019 10:53:47] >>> Get Hanoi build release package
command get in vm_test_linux.py: cp -rn /home/test/shared/Ubuntu10.04-32bit-1/Hanoi_installer_D34.run /home/test/Hanoi_installer_D34/Hanoi_installer_D34.run
command get in vm_test_linux.py: cp -rn /home/test/shared/Ubuntu10.04-32bit-2/Hanoi_installer_D34.run /home/test/Hanoi_installer_D34/Hanoi_installer_D34.run
[Ubuntu10.04-32bit-1][11/14/2019 10:53:49] End of step Get Hanoi build release package successfully: 2.09507513046s
[Ubuntu10.04-32bit-1][11/14/2019 10:53:49] >>> Prepare for memory leak check
[Ubuntu10.04-32bit-1][11/14/2019 10:53:49] End of step Prepare for memory leak check successfully: 0.0245258808136s
[Ubuntu10.04-32bit-1][11/14/2019 10:53:49] >>> Install packages
[Ubuntu10.04-32bit-1][11/14/2019 10:53:49] End of step Install packages successfully: 3.09944152832e-06s
[Ubuntu10.04-32bit-1][11/14/2019 10:53:49] >>> Send test cases to worker
*****send_test_cases_to_worker in vm_test.py****
test_set in vm_test.py: [u'55_French_Testfile_1', u'59_Italian_Testfile_1', u'BUG_28285_41-pager', u'FULL_COLOR_50_PAGES', u'FULL_COLOR_60_PAGES', u'Memcheck_Excel_23_Table_000_PoC_FinalTarget1', u'Memcheck_FileSizeOpt_PDF_deskew_orientation_A4_300DPI_GS_SinglePage_tif', u'Memcheck_PDFA_06_3BillsCondensed01_page_0002', u'Memcheck_Web_api_gray_pdfa_bin_optm', u'Memcheck_Web_api_gray_pdfa_halftone_optm', u'Memcheck_Web_api_gray_pdfa_halftone_optm_deskew_orientation', u'NO_OCR_PDF_PDFA_25_Text_Graph_2_000', u'NSW-Multi-AP-with-PO-Invoice-19052015113740', u'Single_File_10_PAGES', u'UNIT_TEST_PHOcrDocumentConstructorTest', u'UNIT_TEST_PHOcrSetting_MemoryPeakThresholdTest', u'UNIT_TEST_PHOcrSetting_OCRMultiPagesInParallelTest']
self.test_set_worker in vm_test.py: linux_results/Ubuntu10.04-32bit-1/TESTS
[Ubuntu10.04-32bit-2][11/14/2019 10:53:49] End of step Get Hanoi build release package successfully: 2.19899296761s
[Ubuntu10.04-32bit-2][11/14/2019 10:53:49] >>> Prepare for memory leak check
[Ubuntu10.04-32bit-2][11/14/2019 10:53:49] End of step Prepare for memory leak check successfully: 0.0500781536102s
[Ubuntu10.04-32bit-2][11/14/2019 10:53:49] >>> Install packages
[Ubuntu10.04-32bit-2][11/14/2019 10:53:49] End of step Install packages successfully: 1.09672546387e-05s
[Ubuntu10.04-32bit-2][11/14/2019 10:53:49] >>> Send test cases to worker
*****send_test_cases_to_worker in vm_test.py****
test_set in vm_test.py: [u'02_0281', u'24_Text_Graph_000', u'25_Text_Graph_2_000', u'32_Text_Table_000', u'57_German_Testfile_1', u'Bug_28153_PDF_wrong_scale_size_01_0033', u'FULL_COLOR_70_PAGES', u'Memcheck_A_12076_Japanese014_Page0002_32bitdepth', u'Memcheck_FileSizeOpt_PDFA_HALFTONE_deskew_orientation_11_D-011-e-STUDIOdatasheet4pages-C-300_page_0002', u'Memcheck_FileSizeOpt_PDFA_PHOTO_HALFTONE_deskew_orientation_12_D-011-e-STUDIOdatasheet4pages-C-300_page_0003', u'Memcheck_FileSizeOpt_PDF_deskew_orientation_1page_01', u'Memcheck_ROTATE_pdf_2_pages_01', u'Memcheck_Web_api_auto_color_pdf_optm', u'Memcheck_Web_api_auto_color_pdf_optm_deskew_orientation', u'PDF_FileSizeOptimisation_PDF_57_German_Testfile_1', u'PDF_FileSizeOptimisation_PDF_deskew_orientation_59_Italian_Testfile_1', u'UNIT_TEST_PHOcrDocumentExportTest', u'ZonalOCR_AICL_Page0004_zone7', u'ZonalOCR_NITTSU_Page0001_zone0', u'ZonalOCR_SEKSUN_Page0001_zone0']
self.test_set_worker in vm_test.py: linux_results/Ubuntu10.04-32bit-2/TESTS
release_folder: linux_results/Ubuntu10.04-32bit-2/TESTS_release and memcheck_folder: linux_results/Ubuntu10.04-32bit-2/TESTS_memory in vm_test.py
des_path in vm_test.py: TESTS
release_folder: linux_results/Ubuntu10.04-32bit-1/TESTS_release and memcheck_folder: linux_results/Ubuntu10.04-32bit-1/TESTS_memory in vm_test.py
des_path in vm_test.py: TESTS
command get in vm_test_linux.py: cp -rn /home/test/shared/Ubuntu10.04-32bit-2/TESTS_release /home/test/TESTS_release
command get in vm_test_linux.py: cp -rn /home/test/shared/Ubuntu10.04-32bit-1/TESTS_release /home/test/TESTS_release
command get in vm_test_linux.py: cp -rn /home/test/shared/Ubuntu10.04-32bit-2/TESTS_memory /home/test/TESTS_memory
[Ubuntu10.04-32bit-2][11/14/2019 10:54:09] End of step Send test cases to worker successfully: 19.6851439476s
[Ubuntu10.04-32bit-2][11/14/2019 10:54:09] >>> Run test on worker
command get in vm_test_linux.py: cp -rn /home/test/shared/Ubuntu10.04-32bit-1/TESTS_memory /home/test/TESTS_memory
[Ubuntu10.04-32bit-1][11/14/2019 10:54:13] End of step Send test cases to worker successfully: 23.6851789951s
[Ubuntu10.04-32bit-1][11/14/2019 10:54:13] >>> Run test on worker
[Ubuntu10.04-32bit-2][11/14/2019 11:11:23] End of step Run test on worker successfully: 17.0m 13.7826039791s
[Ubuntu10.04-32bit-2][11/14/2019 11:11:23] >>> Send test result json file to node
command put in vm_test_linux:cp -rn /home/test/release_test_result.json /home/test/shared/Ubuntu10.04-32bit-2/release_test_result.json
command put in vm_test_linux:cp -rn /home/test/memory_test_result.json /home/test/shared/Ubuntu10.04-32bit-2/memory_test_result.json
[Ubuntu10.04-32bit-2][11/14/2019 11:11:23] End of step Send test result json file to node successfully: 0.239726781845s
[Ubuntu10.04-32bit-2][11/14/2019 11:11:23] >>> Combine test result json file on node
***Combine test result json****
release_test_result_json:linux_results/Ubuntu10.04-32bit-2/release_test_result.json
release_result :{u'PDF_FileSizeOptimisation_PDF_57_German_Testfile_1': {u'stdout': u'', u'memory': [{u'command': u'"-pdf -optimize-pdf-file-size german /home/test/TESTS_release/PDF_FileSizeOptimisation_PDF_57_German_Testfile_1/test_data/PDF_FileSizeOptimisation_PDF_57_German_Testfile_1.jpg"', u'memory_peak': u'30404'}], u'stderr': u'', u'time': 0.3407919406890869, u'options': u'-pdf -optimize-pdf-file-size german', u'exitcode': 0}, u'UNIT_TEST_PHOcrDocumentExportTest': {u'memory': [], u'stdout': u'', u'time': 73.74975037574768, u'stderr': u'There are 0/23 test case errors.\n\n ======== Error test cases =======\n', u'exitcode': 0}, u'ZonalOCR_NITTSU_Page0001_zone0': {u'stdout': u'', u'memory': [{u'command': u'"-ocr english /home/test/TESTS_release/ZonalOCR_NITTSU_Page0001_zone0/test_data/ZonalOCR_NITTSU_Page0001_zone0.bmp"', u'memory_peak': u'61840'}], u'stderr': u'', u'time': 0.5730290412902832, u'options': u'-ocr english', u'exitcode': 0}, u'02_0281': {u'stdout': u'', u'memory': [{u'command': u'"-ocr -layout english /home/test/TESTS_release/02_0281/test_data/02_0281.jpg"', u'memory_peak': u'33116'}], u'stderr': u'', u'time': 0.9553079605102539, u'options': u'-ocr -layout english', u'exitcode': 0}, u'ZonalOCR_AICL_Page0004_zone7': {u'stdout': u'', u'memory': [{u'command': u'"-ocr english /home/test/TESTS_release/ZonalOCR_AICL_Page0004_zone7/test_data/ZonalOCR_AICL_Page0004_zone7.bmp"', u'memory_peak': u'61852'}], u'stderr': u'', u'time': 0.48459506034851074, u'options': u'-ocr english', u'exitcode': 0}, u'25_Text_Graph_2_000': {u'stdout': u'', u'memory': [{u'command': u'"-ocr -layout english /home/test/TESTS_release/25_Text_Graph_2_000/test_data/25_Text_Graph_2_000.jpg"', u'memory_peak': u'31760'}], u'stderr': u'', u'time': 0.8321371078491211, u'options': u'-ocr -layout english', u'exitcode': 0}, u'ZonalOCR_SEKSUN_Page0001_zone0': {u'stdout': u'', u'memory': [{u'command': u'"-ocr english /home/test/TESTS_release/ZonalOCR_SEKSUN_Page0001_zone0/test_data/ZonalOCR_SEKSUN_Page0001_zone0.bmp"', u'memory_peak': u'61828'}], u'stderr': u'', u'time': 0.9049201011657715, u'options': u'-ocr english', u'exitcode': 0}, u'PDF_FileSizeOptimisation_PDF_deskew_orientation_59_Italian_Testfile_1': {u'stdout': u'', u'memory': [{u'command': u'"-pdf -deskew -orientation -optimize-pdf-file-size italian /home/test/TESTS_release/PDF_FileSizeOptimisation_PDF_deskew_orientation_59_Italian_Testfile_1/test_data/PDF_FileSizeOptimisation_PDF_deskew_orientation_59_Italian_Testfile_1.jpg"', u'memory_peak': u'37992'}], u'stderr': u'', u'time': 0.3651301860809326, u'options': u'-pdf -deskew -orientation -optimize-pdf-file-size italian', u'exitcode': 0}, u'32_Text_Table_000': {u'stdout': u'', u'memory': [{u'command': u'"-ocr -layout english /home/test/TESTS_release/32_Text_Table_000/test_data/32_Text_Table_000.jpg"', u'memory_peak': u'41836'}], u'stderr': u'', u'time': 0.5682499408721924, u'options': u'-ocr -layout english', u'exitcode': 0}, u'Bug_28153_PDF_wrong_scale_size_01_0033': {u'stdout': u'', u'memory': [{u'command': u'"-pdf english /home/test/TESTS_release/Bug_28153_PDF_wrong_scale_size_01_0033/test_data/Bug_28153_PDF_wrong_scale_size_01_0033.jpg"', u'memory_peak': u'29664'}], u'stderr': u'', u'time': 0.989109992980957, u'options': u'-pdf english', u'exitcode': 0}, u'24_Text_Graph_000': {u'stdout': u'', u'memory': [{u'command': u'"-ocr -layout english /home/test/TESTS_release/24_Text_Graph_000/test_data/24_Text_Graph_000.jpg"', u'memory_peak': u'30528'}], u'stderr': u'', u'time': 0.7414510250091553, u'options': u'-ocr -layout english', u'exitcode': 0}, u'57_German_Testfile_1': {u'stdout': u'', u'memory': [{u'command': u'"-ocr -layout german /home/test/TESTS_release/57_German_Testfile_1/test_data/57_German_Testfile_1.jpg"', u'memory_peak': u'25756'}], u'stderr': u'', u'time': 0.24651885032653809, u'options': u'-ocr -layout german', u'exitcode': 0}, u'FULL_COLOR_70_PAGES': {u'stdout': u'', u'memory': [{u'command': u'"-pptx -ocr -layout -pdfa english /home/test/TESTS_release/FULL_COLOR_70_PAGES/test_data/FULL_COLOR_70_PAGES.tif"', u'memory_peak': u'316152'}], u'stderr': u'', u'time': 298.4197840690613, u'options': u'-pptx -ocr -layout -pdfa english', u'exitcode': 0}}
test_name:PDF_FileSizeOptimisation_PDF_57_German_Testfile_1
final_combine_result[name]:{u'PDF_FileSizeOptimisation_PDF_57_German_Testfile_1': {u'stdout': u'', u'memory': [{u'command': u'"-pdf -optimize-pdf-file-size german /home/test/TESTS_release/PDF_FileSizeOptimisation_PDF_57_German_Testfile_1/test_data/PDF_FileSizeOptimisation_PDF_57_German_Testfile_1.jpg"', u'memory_peak': u'30404'}], u'stderr': u'', u'time': 0.3407919406890869, u'options': u'-pdf -optimize-pdf-file-size german', u'exitcode': 0}}
test_name:UNIT_TEST_PHOcrDocumentExportTest
final_combine_result[name]:{u'UNIT_TEST_PHOcrDocumentExportTest': {u'memory': [], u'stdout': u'', u'time': 73.74975037574768, u'stderr': u'There are 0/23 test case errors.\n\n ======== Error test cases =======\n', u'exitcode': 0}, u'PDF_FileSizeOptimisation_PDF_57_German_Testfile_1': {u'stdout': u'', u'memory': [{u'command': u'"-pdf -optimize-pdf-file-size german /home/test/TESTS_release/PDF_FileSizeOptimisation_PDF_57_German_Testfile_1/test_data/PDF_FileSizeOptimisation_PDF_57_German_Testfile_1.jpg"', u'memory_peak': u'30404'}], u'stderr': u'', u'time': 0.3407919406890869, u'options': u'-pdf -optimize-pdf-file-size german', u'exitcode': 0}}
test_name:ZonalOCR_NITTSU_Page0001_zone0
final_combine_result[name]:{u'UNIT_TEST_PHOcrDocumentExportTest': {u'memory': [], u'stdout': u'', u'time': 73.74975037574768, u'stderr': u'There are 0/23 test case errors.\n\n ======== Error test cases =======\n', u'exitcode': 0}, u'ZonalOCR_NITTSU_Page0001_zone0': {u'stdout': u'', u'memory': [{u'command': u'"-ocr english /home/test/TESTS_release/ZonalOCR_NITTSU_Page0001_zone0/test_data/ZonalOCR_NITTSU_Page0001_zone0.bmp"', u'memory_peak': u'61840'}], u'stderr': u'', u'time': 0.5730290412902832, u'options': u'-ocr english', u'exitcode': 0}, u'PDF_FileSizeOptimisation_PDF_57_German_Testfile_1': {u'stdout': u'', u'memory': [{u'command': u'"-pdf -optimize-pdf-file-size german /home/test/TESTS_release/PDF_FileSizeOptimisation_PDF_57_German_Testfile_1/test_data/PDF_FileSizeOptimisation_PDF_57_German_Testfile_1.jpg"', u'memory_peak': u'30404'}], u'stderr': u'', u'time': 0.3407919406890869, u'options': u'-pdf -optimize-pdf-file-size german', u'exitcode': 0}}
test_name:02_0281
final_combine_result[name]:{u'UNIT_TEST_PHOcrDocumentExportTest': {u'memory': [], u'stdout': u'', u'time': 73.74975037574768, u'stderr': u'There are 0/23 test case errors.\n\n ======== Error test cases =======\n', u'exitcode': 0}, u'ZonalOCR_NITTSU_Page0001_zone0': {u'stdout': u'', u'memory': [{u'command': u'"-ocr english /home/test/TESTS_release/ZonalOCR_NITTSU_Page0001_zone0/test_data/ZonalOCR_NITTSU_Page0001_zone0.bmp"', u'memory_peak': u'61840'}], u'stderr': u'', u'time': 0.5730290412902832, u'options': u'-ocr english', u'exitcode': 0}, u'PDF_FileSizeOptimisation_PDF_57_German_Testfile_1': {u'stdout': u'', u'memory': [{u'command': u'"-pdf -optimize-pdf-file-size german /home/test/TESTS_release/PDF_FileSizeOptimisation_PDF_57_German_Testfile_1/test_data/PDF_FileSizeOptimisation_PDF_57_German_Testfile_1.jpg"', u'memory_peak': u'30404'}], u'stderr': u'', u'time': 0.3407919406890869, u'options': u'-pdf -optimize-pdf-file-size german', u'exitcode': 0}, u'02_0281': {u'stdout': u'', u'memory': [{u'command': u'"-ocr -layout english /home/test/TESTS_release/02_0281/test_data/02_0281.jpg"', u'memory_peak': u'33116'}], u'stderr': u'', u'time': 0.9553079605102539, u'options': u'-ocr -layout english', u'exitcode': 0}}
test_name:ZonalOCR_AICL_Page0004_zone7
final_combine_result[name]:{u'UNIT_TEST_PHOcrDocumentExportTest': {u'memory': [], u'stdout': u'', u'time': 73.74975037574768, u'stderr': u'There are 0/23 test case errors.\n\n ======== Error test cases =======\n', u'exitcode': 0}, u'ZonalOCR_AICL_Page0004_zone7': {u'stdout': u'', u'memory': [{u'command': u'"-ocr english /home/test/TESTS_release/ZonalOCR_AICL_Page0004_zone7/test_data/ZonalOCR_AICL_Page0004_zone7.bmp"', u'memory_peak': u'61852'}], u'stderr': u'', u'time': 0.48459506034851074, u'options': u'-ocr english', u'exitcode': 0}, u'ZonalOCR_NITTSU_Page0001_zone0': {u'stdout': u'', u'memory': [{u'command': u'"-ocr english /home/test/TESTS_release/ZonalOCR_NITTSU_Page0001_zone0/test_data/ZonalOCR_NITTSU_Page0001_zone0.bmp"', u'memory_peak': u'61840'}], u'stderr': u'', u'time': 0.5730290412902832, u'options': u'-ocr english', u'exitcode': 0}, u'PDF_FileSizeOptimisation_PDF_57_German_Testfile_1': {u'stdout': u'', u'memory': [{u'command': u'"-pdf -optimize-pdf-file-size german /home/test/TESTS_release/PDF_FileSizeOptimisation_PDF_57_German_Testfile_1/test_data/PDF_FileSizeOptimisation_PDF_57_German_Testfile_1.jpg"', u'memory_peak': u'30404'}], u'stderr': u'', u'time': 0.3407919406890869, u'options': u'-pdf -optimize-pdf-file-size german', u'exitcode': 0}, u'02_0281': {u'stdout': u'', u'memory': [{u'command': u'"-ocr -layout english /home/test/TESTS_release/02_0281/test_data/02_0281.jpg"', u'memory_peak': u'33116'}], u'stderr': u'', u'time': 0.9553079605102539, u'options': u'-ocr -layout english', u'exitcode': 0}}
test_name:25_Text_Graph_2_000
final_combine_result[name]:{u'UNIT_TEST_PHOcrDocumentExportTest': {u'memory': [], u'stdout': u'', u'time': 73.74975037574768, u'stderr': u'There are 0/23 test case errors.\n\n ======== Error test cases =======\n', u'exitcode': 0}, u'ZonalOCR_AICL_Page0004_zone7': {u'stdout': u'', u'memory': [{u'command': u'"-ocr english /home/test/TESTS_release/ZonalOCR_AICL_Page0004_zone7/test_data/ZonalOCR_AICL_Page0004_zone7.bmp"', u'memory_peak': u'61852'}], u'stderr': u'', u'time': 0.48459506034851074, u'options': u'-ocr english', u'exitcode': 0}, u'ZonalOCR_NITTSU_Page0001_zone0': {u'stdout': u'', u'memory': [{u'command': u'"-ocr english /home/test/TESTS_release/ZonalOCR_NITTSU_Page0001_zone0/test_data/ZonalOCR_NITTSU_Page0001_zone0.bmp"', u'memory_peak': u'61840'}], u'stderr': u'', u'time': 0.5730290412902832, u'options': u'-ocr english', u'exitcode': 0}, u'PDF_FileSizeOptimisation_PDF_57_German_Testfile_1': {u'stdout': u'', u'memory': [{u'command': u'"-pdf -optimize-pdf-file-size german /home/test/TESTS_release/PDF_FileSizeOptimisation_PDF_57_German_Testfile_1/test_data/PDF_FileSizeOptimisation_PDF_57_German_Testfile_1.jpg"', u'memory_peak': u'30404'}], u'stderr': u'', u'time': 0.3407919406890869, u'options': u'-pdf -optimize-pdf-file-size german', u'exitcode': 0}, u'25_Text_Graph_2_000': {u'stdout': u'', u'memory': [{u'command': u'"-ocr -layout english /home/test/TESTS_release/25_Text_Graph_2_000/test_data/25_Text_Graph_2_000.jpg"', u'memory_peak': u'31760'}], u'stderr': u'', u'time': 0.8321371078491211, u'options': u'-ocr -layout english', u'exitcode': 0}, u'02_0281': {u'stdout': u'', u'memory': [{u'command': u'"-ocr -layout english /home/test/TESTS_release/02_0281/test_data/02_0281.jpg"', u'memory_peak': u'33116'}], u'stderr': u'', u'time': 0.9553079605102539, u'options': u'-ocr -layout english', u'exitcode': 0}}
test_name:ZonalOCR_SEKSUN_Page0001_zone0
final_combine_result[name]:{u'UNIT_TEST_PHOcrDocumentExportTest': {u'memory': [], u'stdout': u'', u'time': 73.74975037574768, u'stderr': u'There are 0/23 test case errors.\n\n ======== Error test cases =======\n', u'exitcode': 0}, u'ZonalOCR_AICL_Page0004_zone7': {u'stdout': u'', u'memory': [{u'command': u'"-ocr english /home/test/TESTS_release/ZonalOCR_AICL_Page0004_zone7/test_data/ZonalOCR_AICL_Page0004_zone7.bmp"', u'memory_peak': u'61852'}], u'stderr': u'', u'time': 0.48459506034851074, u'options': u'-ocr english', u'exitcode': 0}, u'ZonalOCR_NITTSU_Page0001_zone0': {u'stdout': u'', u'memory': [{u'command': u'"-ocr english /home/test/TESTS_release/ZonalOCR_NITTSU_Page0001_zone0/test_data/ZonalOCR_NITTSU_Page0001_zone0.bmp"', u'memory_peak': u'61840'}], u'stderr': u'', u'time': 0.5730290412902832, u'options': u'-ocr english', u'exitcode': 0}, u'PDF_FileSizeOptimisation_PDF_57_German_Testfile_1': {u'stdout': u'', u'memory': [{u'command': u'"-pdf -optimize-pdf-file-size german /home/test/TESTS_release/PDF_FileSizeOptimisation_PDF_57_German_Testfile_1/test_data/PDF_FileSizeOptimisation_PDF_57_German_Testfile_1.jpg"', u'memory_peak': u'30404'}], u'stderr': u'', u'time': 0.3407919406890869, u'options': u'-pdf -optimize-pdf-file-size german', u'exitcode': 0}, u'25_Text_Graph_2_000': {u'stdout': u'', u'memory': [{u'command': u'"-ocr -layout english /home/test/TESTS_release/25_Text_Graph_2_000/test_data/25_Text_Graph_2_000.jpg"', u'memory_peak': u'31760'}], u'stderr': u'', u'time': 0.8321371078491211, u'options': u'-ocr -layout english', u'exitcode': 0}, u'ZonalOCR_SEKSUN_Page0001_zone0': {u'stdout': u'', u'memory': [{u'command': u'"-ocr english /home/test/TESTS_release/ZonalOCR_SEKSUN_Page0001_zone0/test_data/ZonalOCR_SEKSUN_Page0001_zone0.bmp"', u'memory_peak': u'61828'}], u'stderr': u'', u'time': 0.9049201011657715, u'options': u'-ocr english', u'exitcode': 0}, u'02_0281': {u'stdout': u'', u'memory': [{u'command': u'"-ocr -layout english /home/test/TESTS_release/02_0281/test_data/02_0281.jpg"', u'memory_peak': u'33116'}], u'stderr': u'', u'time': 0.9553079605102539, u'options': u'-ocr -layout english', u'exitcode': 0}}
test_name:PDF_FileSizeOptimisation_PDF_deskew_orientation_59_Italian_Testfile_1
final_combine_result[name]:{u'UNIT_TEST_PHOcrDocumentExportTest': {u'memory': [], u'stdout': u'', u'time': 73.74975037574768, u'stderr': u'There are 0/23 test case errors.\n\n ======== Error test cases =======\n', u'exitcode': 0}, u'ZonalOCR_AICL_Page0004_zone7': {u'stdout': u'', u'memory': [{u'command': u'"-ocr english /home/test/TESTS_release/ZonalOCR_AICL_Page0004_zone7/test_data/ZonalOCR_AICL_Page0004_zone7.bmp"', u'memory_peak': u'61852'}], u'stderr': u'', u'time': 0.48459506034851074, u'options': u'-ocr english', u'exitcode': 0}, u'ZonalOCR_NITTSU_Page0001_zone0': {u'stdout': u'', u'memory': [{u'command': u'"-ocr english /home/test/TESTS_release/ZonalOCR_NITTSU_Page0001_zone0/test_data/ZonalOCR_NITTSU_Page0001_zone0.bmp"', u'memory_peak': u'61840'}], u'stderr': u'', u'time': 0.5730290412902832, u'options': u'-ocr english', u'exitcode': 0}, u'PDF_FileSizeOptimisation_PDF_57_German_Testfile_1': {u'stdout': u'', u'memory': [{u'command': u'"-pdf -optimize-pdf-file-size german /home/test/TESTS_release/PDF_FileSizeOptimisation_PDF_57_German_Testfile_1/test_data/PDF_FileSizeOptimisation_PDF_57_German_Testfile_1.jpg"', u'memory_peak': u'30404'}], u'stderr': u'', u'time': 0.3407919406890869, u'options': u'-pdf -optimize-pdf-file-size german', u'exitcode': 0}, u'25_Text_Graph_2_000': {u'stdout': u'', u'memory': [{u'command': u'"-ocr -layout english /home/test/TESTS_release/25_Text_Graph_2_000/test_data/25_Text_Graph_2_000.jpg"', u'memory_peak': u'31760'}], u'stderr': u'', u'time': 0.8321371078491211, u'options': u'-ocr -layout english', u'exitcode': 0}, u'ZonalOCR_SEKSUN_Page0001_zone0': {u'stdout': u'', u'memory': [{u'command': u'"-ocr english /home/test/TESTS_release/ZonalOCR_SEKSUN_Page0001_zone0/test_data/ZonalOCR_SEKSUN_Page0001_zone0.bmp"', u'memory_peak': u'61828'}], u'stderr': u'', u'time': 0.9049201011657715, u'options': u'-ocr english', u'exitcode': 0}, u'PDF_FileSizeOptimisation_PDF_deskew_orientation_59_Italian_Testfile_1': {u'stdout': u'', u'memory': [{u'command': u'"-pdf -deskew -orientation -optimize-pdf-file-size italian /home/test/TESTS_release/PDF_FileSizeOptimisation_PDF_deskew_orientation_59_Italian_Testfile_1/test_data/PDF_FileSizeOptimisation_PDF_deskew_orientation_59_Italian_Testfile_1.jpg"', u'memory_peak': u'37992'}], u'stderr': u'', u'time': 0.3651301860809326, u'options': u'-pdf -deskew -orientation -optimize-pdf-file-size italian', u'exitcode': 0}, u'02_0281': {u'stdout': u'', u'memory': [{u'command': u'"-ocr -layout english /home/test/TESTS_release/02_0281/test_data/02_0281.jpg"', u'memory_peak': u'33116'}], u'stderr': u'', u'time': 0.9553079605102539, u'options': u'-ocr -layout english', u'exitcode': 0}}
test_name:32_Text_Table_000
final_combine_result[name]:{u'UNIT_TEST_PHOcrDocumentExportTest': {u'memory': [], u'stdout': u'', u'time': 73.74975037574768, u'stderr': u'There are 0/23 test case errors.\n\n ======== Error test cases =======\n', u'exitcode': 0}, u'ZonalOCR_AICL_Page0004_zone7': {u'stdout': u'', u'memory': [{u'command': u'"-ocr english /home/test/TESTS_release/ZonalOCR_AICL_Page0004_zone7/test_data/ZonalOCR_AICL_Page0004_zone7.bmp"', u'memory_peak': u'61852'}], u'stderr': u'', u'time': 0.48459506034851074, u'options': u'-ocr english', u'exitcode': 0}, u'ZonalOCR_NITTSU_Page0001_zone0': {u'stdout': u'', u'memory': [{u'command': u'"-ocr english /home/test/TESTS_release/ZonalOCR_NITTSU_Page0001_zone0/test_data/ZonalOCR_NITTSU_Page0001_zone0.bmp"', u'memory_peak': u'61840'}], u'stderr': u'', u'time': 0.5730290412902832, u'options': u'-ocr english', u'exitcode': 0}, u'PDF_FileSizeOptimisation_PDF_57_German_Testfile_1': {u'stdout': u'', u'memory': [{u'command': u'"-pdf -optimize-pdf-file-size german /home/test/TESTS_release/PDF_FileSizeOptimisation_PDF_57_German_Testfile_1/test_data/PDF_FileSizeOptimisation_PDF_57_German_Testfile_1.jpg"', u'memory_peak': u'30404'}], u'stderr': u'', u'time': 0.3407919406890869, u'options': u'-pdf -optimize-pdf-file-size german', u'exitcode': 0}, u'25_Text_Graph_2_000': {u'stdout': u'', u'memory': [{u'command': u'"-ocr -layout english /home/test/TESTS_release/25_Text_Graph_2_000/test_data/25_Text_Graph_2_000.jpg"', u'memory_peak': u'31760'}], u'stderr': u'', u'time': 0.8321371078491211, u'options': u'-ocr -layout english', u'exitcode': 0}, u'ZonalOCR_SEKSUN_Page0001_zone0': {u'stdout': u'', u'memory': [{u'command': u'"-ocr english /home/test/TESTS_release/ZonalOCR_SEKSUN_Page0001_zone0/test_data/ZonalOCR_SEKSUN_Page0001_zone0.bmp"', u'memory_peak': u'61828'}], u'stderr': u'', u'time': 0.9049201011657715, u'options': u'-ocr english', u'exitcode': 0}, u'PDF_FileSizeOptimisation_PDF_deskew_orientation_59_Italian_Testfile_1': {u'stdout': u'', u'memory': [{u'command': u'"-pdf -deskew -orientation -optimize-pdf-file-size italian /home/test/TESTS_release/PDF_FileSizeOptimisation_PDF_deskew_orientation_59_Italian_Testfile_1/test_data/PDF_FileSizeOptimisation_PDF_deskew_orientation_59_Italian_Testfile_1.jpg"', u'memory_peak': u'37992'}], u'stderr': u'', u'time': 0.3651301860809326, u'options': u'-pdf -deskew -orientation -optimize-pdf-file-size italian', u'exitcode': 0}, u'32_Text_Table_000': {u'stdout': u'', u'memory': [{u'command': u'"-ocr -layout english /home/test/TESTS_release/32_Text_Table_000/test_data/32_Text_Table_000.jpg"', u'memory_peak': u'41836'}], u'stderr': u'', u'time': 0.5682499408721924, u'options': u'-ocr -layout english', u'exitcode': 0}, u'02_0281': {u'stdout': u'', u'memory': [{u'command': u'"-ocr -layout english /home/test/TESTS_release/02_0281/test_data/02_0281.jpg"', u'memory_peak': u'33116'}], u'stderr': u'', u'time': 0.9553079605102539, u'options': u'-ocr -layout english', u'exitcode': 0}}
test_name:Bug_28153_PDF_wrong_scale_size_01_0033
final_combine_result[name]:{u'UNIT_TEST_PHOcrDocumentExportTest': {u'memory': [], u'stdout': u'', u'time': 73.74975037574768, u'stderr': u'There are 0/23 test case errors.\n\n ======== Error test cases =======\n', u'exitcode': 0}, u'ZonalOCR_AICL_Page0004_zone7': {u'stdout': u'', u'memory': [{u'command': u'"-ocr english /home/test/TESTS_release/ZonalOCR_AICL_Page0004_zone7/test_data/ZonalOCR_AICL_Page0004_zone7.bmp"', u'memory_peak': u'61852'}], u'stderr': u'', u'time': 0.48459506034851074, u'options': u'-ocr english', u'exitcode': 0}, u'ZonalOCR_NITTSU_Page0001_zone0': {u'stdout': u'', u'memory': [{u'command': u'"-ocr english /home/test/TESTS_release/ZonalOCR_NITTSU_Page0001_zone0/test_data/ZonalOCR_NITTSU_Page0001_zone0.bmp"', u'memory_peak': u'61840'}], u'stderr': u'', u'time': 0.5730290412902832, u'options': u'-ocr english', u'exitcode': 0}, u'PDF_FileSizeOptimisation_PDF_57_German_Testfile_1': {u'stdout': u'', u'memory': [{u'command': u'"-pdf -optimize-pdf-file-size german /home/test/TESTS_release/PDF_FileSizeOptimisation_PDF_57_German_Testfile_1/test_data/PDF_FileSizeOptimisation_PDF_57_German_Testfile_1.jpg"', u'memory_peak': u'30404'}], u'stderr': u'', u'time': 0.3407919406890869, u'options': u'-pdf -optimize-pdf-file-size german', u'exitcode': 0}, u'25_Text_Graph_2_000': {u'stdout': u'', u'memory': [{u'command': u'"-ocr -layout english /home/test/TESTS_release/25_Text_Graph_2_000/test_data/25_Text_Graph_2_000.jpg"', u'memory_peak': u'31760'}], u'stderr': u'', u'time': 0.8321371078491211, u'options': u'-ocr -layout english', u'exitcode': 0}, u'ZonalOCR_SEKSUN_Page0001_zone0': {u'stdout': u'', u'memory': [{u'command': u'"-ocr english /home/test/TESTS_release/ZonalOCR_SEKSUN_Page0001_zone0/test_data/ZonalOCR_SEKSUN_Page0001_zone0.bmp"', u'memory_peak': u'61828'}], u'stderr': u'', u'time': 0.9049201011657715, u'options': u'-ocr english', u'exitcode': 0}, u'PDF_FileSizeOptimisation_PDF_deskew_orientation_59_Italian_Testfile_1': {u'stdout': u'', u'memory': [{u'command': u'"-pdf -deskew -orientation -optimize-pdf-file-size italian /home/test/TESTS_release/PDF_FileSizeOptimisation_PDF_deskew_orientation_59_Italian_Testfile_1/test_data/PDF_FileSizeOptimisation_PDF_deskew_orientation_59_Italian_Testfile_1.jpg"', u'memory_peak': u'37992'}], u'stderr': u'', u'time': 0.3651301860809326, u'options': u'-pdf -deskew -orientation -optimize-pdf-file-size italian', u'exitcode': 0}, u'32_Text_Table_000': {u'stdout': u'', u'memory': [{u'command': u'"-ocr -layout english /home/test/TESTS_release/32_Text_Table_000/test_data/32_Text_Table_000.jpg"', u'memory_peak': u'41836'}], u'stderr': u'', u'time': 0.5682499408721924, u'options': u'-ocr -layout english', u'exitcode': 0}, u'Bug_28153_PDF_wrong_scale_size_01_0033': {u'stdout': u'', u'memory': [{u'command': u'"-pdf english /home/test/TESTS_release/Bug_28153_PDF_wrong_scale_size_01_0033/test_data/Bug_28153_PDF_wrong_scale_size_01_0033.jpg"', u'memory_peak': u'29664'}], u'stderr': u'', u'time': 0.989109992980957, u'options': u'-pdf english', u'exitcode': 0}, u'02_0281': {u'stdout': u'', u'memory': [{u'command': u'"-ocr -layout english /home/test/TESTS_release/02_0281/test_data/02_0281.jpg"', u'memory_peak': u'33116'}], u'stderr': u'', u'time': 0.9553079605102539, u'options': u'-ocr -layout english', u'exitcode': 0}}
test_name:24_Text_Graph_000
final_combine_result[name]:{u'UNIT_TEST_PHOcrDocumentExportTest': {u'memory': [], u'stdout': u'', u'time': 73.74975037574768, u'stderr': u'There are 0/23 test case errors.\n\n ======== Error test cases =======\n', u'exitcode': 0}, u'ZonalOCR_AICL_Page0004_zone7': {u'stdout': u'', u'memory': [{u'command': u'"-ocr english /home/test/TESTS_release/ZonalOCR_AICL_Page0004_zone7/test_data/ZonalOCR_AICL_Page0004_zone7.bmp"', u'memory_peak': u'61852'}], u'stderr': u'', u'time': 0.48459506034851074, u'options': u'-ocr english', u'exitcode': 0}, u'ZonalOCR_NITTSU_Page0001_zone0': {u'stdout': u'', u'memory': [{u'command': u'"-ocr english /home/test/TESTS_release/ZonalOCR_NITTSU_Page0001_zone0/test_data/ZonalOCR_NITTSU_Page0001_zone0.bmp"', u'memory_peak': u'61840'}], u'stderr': u'', u'time': 0.5730290412902832, u'options': u'-ocr english', u'exitcode': 0}, u'PDF_FileSizeOptimisation_PDF_57_German_Testfile_1': {u'stdout': u'', u'memory': [{u'command': u'"-pdf -optimize-pdf-file-size german /home/test/TESTS_release/PDF_FileSizeOptimisation_PDF_57_German_Testfile_1/test_data/PDF_FileSizeOptimisation_PDF_57_German_Testfile_1.jpg"', u'memory_peak': u'30404'}], u'stderr': u'', u'time': 0.3407919406890869, u'options': u'-pdf -optimize-pdf-file-size german', u'exitcode': 0}, u'25_Text_Graph_2_000': {u'stdout': u'', u'memory': [{u'command': u'"-ocr -layout english /home/test/TESTS_release/25_Text_Graph_2_000/test_data/25_Text_Graph_2_000.jpg"', u'memory_peak': u'31760'}], u'stderr': u'', u'time': 0.8321371078491211, u'options': u'-ocr -layout english', u'exitcode': 0}, u'ZonalOCR_SEKSUN_Page0001_zone0': {u'stdout': u'', u'memory': [{u'command': u'"-ocr english /home/test/TESTS_release/ZonalOCR_SEKSUN_Page0001_zone0/test_data/ZonalOCR_SEKSUN_Page0001_zone0.bmp"', u'memory_peak': u'61828'}], u'stderr': u'', u'time': 0.9049201011657715, u'options': u'-ocr english', u'exitcode': 0}, u'PDF_FileSizeOptimisation_PDF_deskew_orientation_59_Italian_Testfile_1': {u'stdout': u'', u'memory': [{u'command': u'"-pdf -deskew -orientation -optimize-pdf-file-size italian /home/test/TESTS_release/PDF_FileSizeOptimisation_PDF_deskew_orientation_59_Italian_Testfile_1/test_data/PDF_FileSizeOptimisation_PDF_deskew_orientation_59_Italian_Testfile_1.jpg"', u'memory_peak': u'37992'}], u'stderr': u'', u'time': 0.3651301860809326, u'options': u'-pdf -deskew -orientation -optimize-pdf-file-size italian', u'exitcode': 0}, u'32_Text_Table_000': {u'stdout': u'', u'memory': [{u'command': u'"-ocr -layout english /home/test/TESTS_release/32_Text_Table_000/test_data/32_Text_Table_000.jpg"', u'memory_peak': u'41836'}], u'stderr': u'', u'time': 0.5682499408721924, u'options': u'-ocr -layout english', u'exitcode': 0}, u'Bug_28153_PDF_wrong_scale_size_01_0033': {u'stdout': u'', u'memory': [{u'command': u'"-pdf english /home/test/TESTS_release/Bug_28153_PDF_wrong_scale_size_01_0033/test_data/Bug_28153_PDF_wrong_scale_size_01_0033.jpg"', u'memory_peak': u'29664'}], u'stderr': u'', u'time': 0.989109992980957, u'options': u'-pdf english', u'exitcode': 0}, u'24_Text_Graph_000': {u'stdout': u'', u'memory': [{u'command': u'"-ocr -layout english /home/test/TESTS_release/24_Text_Graph_000/test_data/24_Text_Graph_000.jpg"', u'memory_peak': u'30528'}], u'stderr': u'', u'time': 0.7414510250091553, u'options': u'-ocr -layout english', u'exitcode': 0}, u'02_0281': {u'stdout': u'', u'memory': [{u'command': u'"-ocr -layout english /home/test/TESTS_release/02_0281/test_data/02_0281.jpg"', u'memory_peak': u'33116'}], u'stderr': u'', u'time': 0.9553079605102539, u'options': u'-ocr -layout english', u'exitcode': 0}}
test_name:57_German_Testfile_1
final_combine_result[name]:{u'UNIT_TEST_PHOcrDocumentExportTest': {u'memory': [], u'stdout': u'', u'time': 73.74975037574768, u'stderr': u'There are 0/23 test case errors.\n\n ======== Error test cases =======\n', u'exitcode': 0}, u'ZonalOCR_AICL_Page0004_zone7': {u'stdout': u'', u'memory': [{u'command': u'"-ocr english /home/test/TESTS_release/ZonalOCR_AICL_Page0004_zone7/test_data/ZonalOCR_AICL_Page0004_zone7.bmp"', u'memory_peak': u'61852'}], u'stderr': u'', u'time': 0.48459506034851074, u'options': u'-ocr english', u'exitcode': 0}, u'ZonalOCR_NITTSU_Page0001_zone0': {u'stdout': u'', u'memory': [{u'command': u'"-ocr english /home/test/TESTS_release/ZonalOCR_NITTSU_Page0001_zone0/test_data/ZonalOCR_NITTSU_Page0001_zone0.bmp"', u'memory_peak': u'61840'}], u'stderr': u'', u'time': 0.5730290412902832, u'options': u'-ocr english', u'exitcode': 0}, u'PDF_FileSizeOptimisation_PDF_57_German_Testfile_1': {u'stdout': u'', u'memory': [{u'command': u'"-pdf -optimize-pdf-file-size german /home/test/TESTS_release/PDF_FileSizeOptimisation_PDF_57_German_Testfile_1/test_data/PDF_FileSizeOptimisation_PDF_57_German_Testfile_1.jpg"', u'memory_peak': u'30404'}], u'stderr': u'', u'time': 0.3407919406890869, u'options': u'-pdf -optimize-pdf-file-size german', u'exitcode': 0}, u'25_Text_Graph_2_000': {u'stdout': u'', u'memory': [{u'command': u'"-ocr -layout english /home/test/TESTS_release/25_Text_Graph_2_000/test_data/25_Text_Graph_2_000.jpg"', u'memory_peak': u'31760'}], u'stderr': u'', u'time': 0.8321371078491211, u'options': u'-ocr -layout english', u'exitcode': 0}, u'ZonalOCR_SEKSUN_Page0001_zone0': {u'stdout': u'', u'memory': [{u'command': u'"-ocr english /home/test/TESTS_release/ZonalOCR_SEKSUN_Page0001_zone0/test_data/ZonalOCR_SEKSUN_Page0001_zone0.bmp"', u'memory_peak': u'61828'}], u'stderr': u'', u'time': 0.9049201011657715, u'options': u'-ocr english', u'exitcode': 0}, u'PDF_FileSizeOptimisation_PDF_deskew_orientation_59_Italian_Testfile_1': {u'stdout': u'', u'memory': [{u'command': u'"-pdf -deskew -orientation -optimize-pdf-file-size italian /home/test/TESTS_release/PDF_FileSizeOptimisation_PDF_deskew_orientation_59_Italian_Testfile_1/test_data/PDF_FileSizeOptimisation_PDF_deskew_orientation_59_Italian_Testfile_1.jpg"', u'memory_peak': u'37992'}], u'stderr': u'', u'time': 0.3651301860809326, u'options': u'-pdf -deskew -orientation -optimize-pdf-file-size italian', u'exitcode': 0}, u'32_Text_Table_000': {u'stdout': u'', u'memory': [{u'command': u'"-ocr -layout english /home/test/TESTS_release/32_Text_Table_000/test_data/32_Text_Table_000.jpg"', u'memory_peak': u'41836'}], u'stderr': u'', u'time': 0.5682499408721924, u'options': u'-ocr -layout english', u'exitcode': 0}, u'Bug_28153_PDF_wrong_scale_size_01_0033': {u'stdout': u'', u'memory': [{u'command': u'"-pdf english /home/test/TESTS_release/Bug_28153_PDF_wrong_scale_size_01_0033/test_data/Bug_28153_PDF_wrong_scale_size_01_0033.jpg"', u'memory_peak': u'29664'}], u'stderr': u'', u'time': 0.989109992980957, u'options': u'-pdf english', u'exitcode': 0}, u'24_Text_Graph_000': {u'stdout': u'', u'memory': [{u'command': u'"-ocr -layout english /home/test/TESTS_release/24_Text_Graph_000/test_data/24_Text_Graph_000.jpg"', u'memory_peak': u'30528'}], u'stderr': u'', u'time': 0.7414510250091553, u'options': u'-ocr -layout english', u'exitcode': 0}, u'57_German_Testfile_1': {u'stdout': u'', u'memory': [{u'command': u'"-ocr -layout german /home/test/TESTS_release/57_German_Testfile_1/test_data/57_German_Testfile_1.jpg"', u'memory_peak': u'25756'}], u'stderr': u'', u'time': 0.24651885032653809, u'options': u'-ocr -layout german', u'exitcode': 0}, u'02_0281': {u'stdout': u'', u'memory': [{u'command': u'"-ocr -layout english /home/test/TESTS_release/02_0281/test_data/02_0281.jpg"', u'memory_peak': u'33116'}], u'stderr': u'', u'time': 0.9553079605102539, u'options': u'-ocr -layout english', u'exitcode': 0}}
test_name:FULL_COLOR_70_PAGES
final_combine_result[name]:{u'UNIT_TEST_PHOcrDocumentExportTest': {u'memory': [], u'stdout': u'', u'time': 73.74975037574768, u'stderr': u'There are 0/23 test case errors.\n\n ======== Error test cases =======\n', u'exitcode': 0}, u'ZonalOCR_AICL_Page0004_zone7': {u'stdout': u'', u'memory': [{u'command': u'"-ocr english /home/test/TESTS_release/ZonalOCR_AICL_Page0004_zone7/test_data/ZonalOCR_AICL_Page0004_zone7.bmp"', u'memory_peak': u'61852'}], u'stderr': u'', u'time': 0.48459506034851074, u'options': u'-ocr english', u'exitcode': 0}, u'ZonalOCR_NITTSU_Page0001_zone0': {u'stdout': u'', u'memory': [{u'command': u'"-ocr english /home/test/TESTS_release/ZonalOCR_NITTSU_Page0001_zone0/test_data/ZonalOCR_NITTSU_Page0001_zone0.bmp"', u'memory_peak': u'61840'}], u'stderr': u'', u'time': 0.5730290412902832, u'options': u'-ocr english', u'exitcode': 0}, u'PDF_FileSizeOptimisation_PDF_57_German_Testfile_1': {u'stdout': u'', u'memory': [{u'command': u'"-pdf -optimize-pdf-file-size german /home/test/TESTS_release/PDF_FileSizeOptimisation_PDF_57_German_Testfile_1/test_data/PDF_FileSizeOptimisation_PDF_57_German_Testfile_1.jpg"', u'memory_peak': u'30404'}], u'stderr': u'', u'time': 0.3407919406890869, u'options': u'-pdf -optimize-pdf-file-size german', u'exitcode': 0}, u'25_Text_Graph_2_000': {u'stdout': u'', u'memory': [{u'command': u'"-ocr -layout english /home/test/TESTS_release/25_Text_Graph_2_000/test_data/25_Text_Graph_2_000.jpg"', u'memory_peak': u'31760'}], u'stderr': u'', u'time': 0.8321371078491211, u'options': u'-ocr -layout english', u'exitcode': 0}, u'FULL_COLOR_70_PAGES': {u'stdout': u'', u'memory': [{u'command': u'"-pptx -ocr -layout -pdfa english /home/test/TESTS_release/FULL_COLOR_70_PAGES/test_data/FULL_COLOR_70_PAGES.tif"', u'memory_peak': u'316152'}], u'stderr': u'', u'time': 298.4197840690613, u'options': u'-pptx -ocr -layout -pdfa english', u'exitcode': 0}, u'ZonalOCR_SEKSUN_Page0001_zone0': {u'stdout': u'', u'memory': [{u'command': u'"-ocr english /home/test/TESTS_release/ZonalOCR_SEKSUN_Page0001_zone0/test_data/ZonalOCR_SEKSUN_Page0001_zone0.bmp"', u'memory_peak': u'61828'}], u'stderr': u'', u'time': 0.9049201011657715, u'options': u'-ocr english', u'exitcode': 0}, u'PDF_FileSizeOptimisation_PDF_deskew_orientation_59_Italian_Testfile_1': {u'stdout': u'', u'memory': [{u'command': u'"-pdf -deskew -orientation -optimize-pdf-file-size italian /home/test/TESTS_release/PDF_FileSizeOptimisation_PDF_deskew_orientation_59_Italian_Testfile_1/test_data/PDF_FileSizeOptimisation_PDF_deskew_orientation_59_Italian_Testfile_1.jpg"', u'memory_peak': u'37992'}], u'stderr': u'', u'time': 0.3651301860809326, u'options': u'-pdf -deskew -orientation -optimize-pdf-file-size italian', u'exitcode': 0}, u'32_Text_Table_000': {u'stdout': u'', u'memory': [{u'command': u'"-ocr -layout english /home/test/TESTS_release/32_Text_Table_000/test_data/32_Text_Table_000.jpg"', u'memory_peak': u'41836'}], u'stderr': u'', u'time': 0.5682499408721924, u'options': u'-ocr -layout english', u'exitcode': 0}, u'Bug_28153_PDF_wrong_scale_size_01_0033': {u'stdout': u'', u'memory': [{u'command': u'"-pdf english /home/test/TESTS_release/Bug_28153_PDF_wrong_scale_size_01_0033/test_data/Bug_28153_PDF_wrong_scale_size_01_0033.jpg"', u'memory_peak': u'29664'}], u'stderr': u'', u'time': 0.989109992980957, u'options': u'-pdf english', u'exitcode': 0}, u'24_Text_Graph_000': {u'stdout': u'', u'memory': [{u'command': u'"-ocr -layout english /home/test/TESTS_release/24_Text_Graph_000/test_data/24_Text_Graph_000.jpg"', u'memory_peak': u'30528'}], u'stderr': u'', u'time': 0.7414510250091553, u'options': u'-ocr -layout english', u'exitcode': 0}, u'57_German_Testfile_1': {u'stdout': u'', u'memory': [{u'command': u'"-ocr -layout german /home/test/TESTS_release/57_German_Testfile_1/test_data/57_German_Testfile_1.jpg"', u'memory_peak': u'25756'}], u'stderr': u'', u'time': 0.24651885032653809, u'options': u'-ocr -layout german', u'exitcode': 0}, u'02_0281': {u'stdout': u'', u'memory': [{u'command': u'"-ocr -layout english /home/test/TESTS_release/02_0281/test_data/02_0281.jpg"', u'memory_peak': u'33116'}], u'stderr': u'', u'time': 0.9553079605102539, u'options': u'-ocr -layout english', u'exitcode': 0}}
final_combine_result:{u'UNIT_TEST_PHOcrDocumentExportTest': {u'memory': [], u'stdout': u'', u'time': 73.74975037574768, u'stderr': u'There are 0/23 test case errors.\n\n ======== Error test cases =======\n', u'exitcode': 0}, u'ZonalOCR_AICL_Page0004_zone7': {u'stdout': u'', u'memory': [{u'command': u'"-ocr english /home/test/TESTS_release/ZonalOCR_AICL_Page0004_zone7/test_data/ZonalOCR_AICL_Page0004_zone7.bmp"', u'memory_peak': u'61852'}], u'stderr': u'', u'time': 0.48459506034851074, u'options': u'-ocr english', u'exitcode': 0}, u'ZonalOCR_NITTSU_Page0001_zone0': {u'stdout': u'', u'memory': [{u'command': u'"-ocr english /home/test/TESTS_release/ZonalOCR_NITTSU_Page0001_zone0/test_data/ZonalOCR_NITTSU_Page0001_zone0.bmp"', u'memory_peak': u'61840'}], u'stderr': u'', u'time': 0.5730290412902832, u'options': u'-ocr english', u'exitcode': 0}, u'PDF_FileSizeOptimisation_PDF_57_German_Testfile_1': {u'stdout': u'', u'memory': [{u'command': u'"-pdf -optimize-pdf-file-size german /home/test/TESTS_release/PDF_FileSizeOptimisation_PDF_57_German_Testfile_1/test_data/PDF_FileSizeOptimisation_PDF_57_German_Testfile_1.jpg"', u'memory_peak': u'30404'}], u'stderr': u'', u'time': 0.3407919406890869, u'options': u'-pdf -optimize-pdf-file-size german', u'exitcode': 0}, u'25_Text_Graph_2_000': {u'stdout': u'', u'memory': [{u'command': u'"-ocr -layout english /home/test/TESTS_release/25_Text_Graph_2_000/test_data/25_Text_Graph_2_000.jpg"', u'memory_peak': u'31760'}], u'stderr': u'', u'time': 0.8321371078491211, u'options': u'-ocr -layout english', u'exitcode': 0}, u'FULL_COLOR_70_PAGES': {u'stdout': u'', u'memory': [{u'command': u'"-pptx -ocr -layout -pdfa english /home/test/TESTS_release/FULL_COLOR_70_PAGES/test_data/FULL_COLOR_70_PAGES.tif"', u'memory_peak': u'316152'}], u'stderr': u'', u'time': 298.4197840690613, u'options': u'-pptx -ocr -layout -pdfa english', u'exitcode': 0}, u'ZonalOCR_SEKSUN_Page0001_zone0': {u'stdout': u'', u'memory': [{u'command': u'"-ocr english /home/test/TESTS_release/ZonalOCR_SEKSUN_Page0001_zone0/test_data/ZonalOCR_SEKSUN_Page0001_zone0.bmp"', u'memory_peak': u'61828'}], u'stderr': u'', u'time': 0.9049201011657715, u'options': u'-ocr english', u'exitcode': 0}, u'PDF_FileSizeOptimisation_PDF_deskew_orientation_59_Italian_Testfile_1': {u'stdout': u'', u'memory': [{u'command': u'"-pdf -deskew -orientation -optimize-pdf-file-size italian /home/test/TESTS_release/PDF_FileSizeOptimisation_PDF_deskew_orientation_59_Italian_Testfile_1/test_data/PDF_FileSizeOptimisation_PDF_deskew_orientation_59_Italian_Testfile_1.jpg"', u'memory_peak': u'37992'}], u'stderr': u'', u'time': 0.3651301860809326, u'options': u'-pdf -deskew -orientation -optimize-pdf-file-size italian', u'exitcode': 0}, u'32_Text_Table_000': {u'stdout': u'', u'memory': [{u'command': u'"-ocr -layout english /home/test/TESTS_release/32_Text_Table_000/test_data/32_Text_Table_000.jpg"', u'memory_peak': u'41836'}], u'stderr': u'', u'time': 0.5682499408721924, u'options': u'-ocr -layout english', u'exitcode': 0}, u'Bug_28153_PDF_wrong_scale_size_01_0033': {u'stdout': u'', u'memory': [{u'command': u'"-pdf english /home/test/TESTS_release/Bug_28153_PDF_wrong_scale_size_01_0033/test_data/Bug_28153_PDF_wrong_scale_size_01_0033.jpg"', u'memory_peak': u'29664'}], u'stderr': u'', u'time': 0.989109992980957, u'options': u'-pdf english', u'exitcode': 0}, u'24_Text_Graph_000': {u'stdout': u'', u'memory': [{u'command': u'"-ocr -layout english /home/test/TESTS_release/24_Text_Graph_000/test_data/24_Text_Graph_000.jpg"', u'memory_peak': u'30528'}], u'stderr': u'', u'time': 0.7414510250091553, u'options': u'-ocr -layout english', u'exitcode': 0}, u'57_German_Testfile_1': {u'stdout': u'', u'memory': [{u'command': u'"-ocr -layout german /home/test/TESTS_release/57_German_Testfile_1/test_data/57_German_Testfile_1.jpg"', u'memory_peak': u'25756'}], u'stderr': u'', u'time': 0.24651885032653809, u'options': u'-ocr -layout german', u'exitcode': 0}, u'02_0281': {u'stdout': u'', u'memory': [{u'command': u'"-ocr -layout english /home/test/TESTS_release/02_0281/test_data/02_0281.jpg"', u'memory_peak': u'33116'}], u'stderr': u'', u'time': 0.9553079605102539, u'options': u'-ocr -layout english', u'exitcode': 0}}
[Ubuntu10.04-32bit-2][11/14/2019 11:11:23] End of step Combine test result json file on node successfully: 0.00461006164551s
[Ubuntu10.04-32bit-2][11/14/2019 11:11:23] >>> Copy test output from to node
command put in vm_test_linux:cp -rn /home/test/TESTS_release /home/test/shared/Ubuntu10.04-32bit-2
command put in vm_test_linux:cp -rn /home/test/TESTS_memory /home/test/shared/Ubuntu10.04-32bit-2
[Ubuntu10.04-32bit-2][11/14/2019 11:11:25] End of step Copy test output from to node successfully: 2.05288696289s
[Ubuntu10.04-32bit-2][11/14/2019 11:11:25] >>> Combine test cases to final folder
***Combine test cases****
test_folder: /home/ocr2/jenkins/workspace/test/linux_results/Ubuntu10.04-32bit-2/TESTS
release_test_cases: /home/ocr2/jenkins/workspace/test/linux_results/Ubuntu10.04-32bit-2/TESTS_release/*
memory_test_cases
[Ubuntu10.04-32bit-2][11/14/2019 11:11:29] End of step Combine test cases to final folder successfully: 4.29193997383s
[Ubuntu10.04-32bit-2][11/14/2019 11:11:29] >>> Compare test output results
***compare result****
output_file:linux_results/Ubuntu10.04-32bit-2/compare_result.json
output_folder:linux_results/Ubuntu10.04-32bit-2/compare_result
test_file:linux_results/Ubuntu10.04-32bit-2/test_result.json
processes:[<Process(Process-1, initial)>]

*** COMPARE START ***
[1/20] Compare for testcase "02_0281"
Compare bounding box
[2/20] Compare for testcase "24_Text_Graph_000"
Compare bounding box
[3/20] Compare for testcase "25_Text_Graph_2_000"
Compare bounding box
[4/20] Compare for testcase "32_Text_Table_000"
Compare bounding box
[5/20] Compare for testcase "57_German_Testfile_1"
Compare bounding box
[6/20] Compare for testcase "Bug_28153_PDF_wrong_scale_size_01_0033"
Compare folder
[7/20] Compare for testcase "FULL_COLOR_70_PAGES"
Compare bounding box
Compare pptx file
Compare pdfa file
[8/20] Compare for testcase "Memcheck_A_12076_Japanese014_Page0002_32bitdepth"
[9/20] Compare for testcase "Memcheck_FileSizeOpt_PDFA_HALFTONE_deskew_orientation_11_D-011-e-STUDIOdatasheet4pages-C-300_page_0002"
[10/20] Compare for testcase "Memcheck_FileSizeOpt_PDFA_PHOTO_HALFTONE_deskew_orientation_12_D-011-e-STUDIOdatasheet4pages-C-300_page_0003"
[11/20] Compare for testcase "Memcheck_FileSizeOpt_PDF_deskew_orientation_1page_01"
[12/20] Compare for testcase "Memcheck_ROTATE_pdf_2_pages_01"
[13/20] Compare for testcase "Memcheck_Web_api_auto_color_pdf_optm"
[14/20] Compare for testcase "Memcheck_Web_api_auto_color_pdf_optm_deskew_orientation"
[15/20] Compare for testcase "PDF_FileSizeOptimisation_PDF_57_German_Testfile_1"
Compare folder
[16/20] Compare for testcase "PDF_FileSizeOptimisation_PDF_deskew_orientation_59_Italian_Testfile_1"
Compare folder
[17/20] Compare for testcase "UNIT_TEST_PHOcrDocumentExportTest"
[18/20] Compare for testcase "ZonalOCR_AICL_Page0004_zone7"
Compare text file
[19/20] Compare for testcase "ZonalOCR_NITTSU_Page0001_zone0"
Compare text file
[20/20] Compare for testcase "ZonalOCR_SEKSUN_Page0001_zone0"
Compare text file
*** COMPARE END ***
[Ubuntu10.04-32bit-2][11/14/2019 11:12:15] End of step Compare test output results successfully: 45.9532899857s
[Ubuntu10.04-32bit-2][11/14/2019 11:12:15] >>> Collect changed and error test cases
***Collect output*****
test_file :linux_results/Ubuntu10.04-32bit-2/test_result.json
compare_file:linux_results/Ubuntu10.04-32bit-2/compare_result.json
platform_folder:test_result/linux
change_list:[u'UNIT_TEST_PHOcrDocumentExportTest']
[Ubuntu10.04-32bit-2][11/14/2019 11:12:15] End of step Collect changed and error test cases successfully: 0.0990390777588s
[Ubuntu10.04-32bit-2][11/14/2019 11:12:15] >>> Stop virtual machine
[Ubuntu10.04-32bit-2][11/14/2019 11:12:16] End of step Stop virtual machine successfully: 0.694094896317s
[Ubuntu10.04-32bit-1][11/14/2019 11:13:17] End of step Run test on worker successfully: 19.0m 4.21169495583s
[Ubuntu10.04-32bit-1][11/14/2019 11:13:17] >>> Send test result json file to node
command put in vm_test_linux:cp -rn /home/test/release_test_result.json /home/test/shared/Ubuntu10.04-32bit-1/release_test_result.json
command put in vm_test_linux:cp -rn /home/test/memory_test_result.json /home/test/shared/Ubuntu10.04-32bit-1/memory_test_result.json
[Ubuntu10.04-32bit-1][11/14/2019 11:13:17] End of step Send test result json file to node successfully: 0.25331902504s
[Ubuntu10.04-32bit-1][11/14/2019 11:13:17] >>> Combine test result json file on node
***Combine test result json****
release_test_result_json:linux_results/Ubuntu10.04-32bit-1/release_test_result.json
release_result :{u'NSW-Multi-AP-with-PO-Invoice-19052015113740': {u'stdout': u'', u'memory': [{u'command': u'"-word english /home/test/TESTS_release/NSW-Multi-AP-with-PO-Invoice-19052015113740/test_data/NSW Multi AP with PO Invoice-19052015113740.tif"', u'memory_peak': u'126776'}], u'stderr': u'', u'time': 33.01632499694824, u'options': u'-word english', u'exitcode': 0}, u'UNIT_TEST_PHOcrSetting_OCRMultiPagesInParallelTest': {u'memory': [], u'stdout': u'', u'time': 58.8127167224884, u'stderr': u'There are 0/7 test case errors.\n\n ======== Error test cases =======\n', u'exitcode': 0}, u'NO_OCR_PDF_PDFA_25_Text_Graph_2_000': {u'stdout': u'', u'memory': [{u'command': u'"-pdfa -no-ocr-pdf english /home/test/TESTS_release/NO_OCR_PDF_PDFA_25_Text_Graph_2_000/test_data/NO_OCR_PDF_PDFA_25_Text_Graph_2_000.bmp"', u'memory_peak': u'18364'}], u'stderr': u'', u'time': 0.0995488166809082, u'options': u'-pdfa -no-ocr-pdf english', u'exitcode': 0}, u'UNIT_TEST_PHOcrSetting_MemoryPeakThresholdTest': {u'memory': [], u'stdout': u'', u'time': 0, u'stderr': u'There are 0/0 test case errors.\n\n ======== Error test cases =======\n', u'exitcode': 0}, u'59_Italian_Testfile_1': {u'stdout': u'', u'memory': [{u'command': u'"-ocr -layout italian /home/test/TESTS_release/59_Italian_Testfile_1/test_data/59_Italian_Testfile_1.jpg"', u'memory_peak': u'31728'}], u'stderr': u'', u'time': 0.2773468494415283, u'options': u'-ocr -layout italian', u'exitcode': 0}, u'FULL_COLOR_50_PAGES': {u'stdout': u'', u'memory': [{u'command': u'"-reg_data -ocr english /home/test/TESTS_release/FULL_COLOR_50_PAGES/test_data/FULL_COLOR_50_PAGES.tif"', u'memory_peak': u'149000'}], u'stderr': u'', u'time': 163.79213976860046, u'options': u'-reg_data -ocr english', u'exitcode': 0}, u'55_French_Testfile_1': {u'stdout': u'', u'memory': [{u'command': u'"-ocr -layout french /home/test/TESTS_release/55_French_Testfile_1/test_data/55_French_Testfile_1.jpg"', u'memory_peak': u'27464'}], u'stderr': u'', u'time': 0.2859458923339844, u'options': u'-ocr -layout french', u'exitcode': 0}, u'BUG_28285_41-pager': {u'stdout': u'', u'memory': [{u'command': u'"-parallel_mode 0 -xml /home/test/TESTS_release/BUG_28285_41-pager/scripts/../test_data/BUG_28285_41-pager.tif"', u'memory_peak': u'157868'}], u'stderr': u"FINISHED CPU, don't pass over 250000KB", u'time': 102.13061308860779, u'options': u'/home/test/TESTS_release/BUG_28285_41-pager/scripts/timeout -m 250000 /home/test/PHOcr_C2404_D3_linux_release/bin/PHOcrExe -parallel_mode 0 -xml /home/test/TESTS_release/BUG_28285_41-pager/scripts/../test_data/BUG_28285_41-pager.tif', u'exitcode': 0}, u'FULL_COLOR_60_PAGES': {u'stdout': u'', u'memory': [{u'command': u'"-excel -ocr -layout -pdfa english /home/test/TESTS_release/FULL_COLOR_60_PAGES/test_data/FULL_COLOR_60_PAGES.tif"', u'memory_peak': u'319360'}], u'stderr': u'', u'time': 329.2777359485626, u'options': u'-excel -ocr -layout -pdfa english', u'exitcode': 0}, u'UNIT_TEST_PHOcrDocumentConstructorTest': {u'memory': [], u'stdout': u'', u'time': 0.1660468578338623, u'stderr': u'There are 0/9 test case errors.\n\n ======== Error test cases =======\n', u'exitcode': 0}, u'Single_File_10_PAGES': {u'time': 53.606165170669556, u'stdout': u'', u'options': u'-pdfa-photo-halftone --export-single-file english /home/test/TESTS_release/Single_File_10_PAGES/test_data/Single_File_10_PAGES.tif', u'stderr': u'', u'exitcode': 0}}
test_name:NSW-Multi-AP-with-PO-Invoice-19052015113740
final_combine_result[name]:{u'NSW-Multi-AP-with-PO-Invoice-19052015113740': {u'stdout': u'', u'memory': [{u'command': u'"-word english /home/test/TESTS_release/NSW-Multi-AP-with-PO-Invoice-19052015113740/test_data/NSW Multi AP with PO Invoice-19052015113740.tif"', u'memory_peak': u'126776'}], u'stderr': u'', u'time': 33.01632499694824, u'options': u'-word english', u'exitcode': 0}}
test_name:UNIT_TEST_PHOcrSetting_OCRMultiPagesInParallelTest
final_combine_result[name]:{u'UNIT_TEST_PHOcrSetting_OCRMultiPagesInParallelTest': {u'memory': [], u'stdout': u'', u'time': 58.8127167224884, u'stderr': u'There are 0/7 test case errors.\n\n ======== Error test cases =======\n', u'exitcode': 0}, u'NSW-Multi-AP-with-PO-Invoice-19052015113740': {u'stdout': u'', u'memory': [{u'command': u'"-word english /home/test/TESTS_release/NSW-Multi-AP-with-PO-Invoice-19052015113740/test_data/NSW Multi AP with PO Invoice-19052015113740.tif"', u'memory_peak': u'126776'}], u'stderr': u'', u'time': 33.01632499694824, u'options': u'-word english', u'exitcode': 0}}
test_name:NO_OCR_PDF_PDFA_25_Text_Graph_2_000
final_combine_result[name]:{u'UNIT_TEST_PHOcrSetting_OCRMultiPagesInParallelTest': {u'memory': [], u'stdout': u'', u'time': 58.8127167224884, u'stderr': u'There are 0/7 test case errors.\n\n ======== Error test cases =======\n', u'exitcode': 0}, u'NO_OCR_PDF_PDFA_25_Text_Graph_2_000': {u'stdout': u'', u'memory': [{u'command': u'"-pdfa -no-ocr-pdf english /home/test/TESTS_release/NO_OCR_PDF_PDFA_25_Text_Graph_2_000/test_data/NO_OCR_PDF_PDFA_25_Text_Graph_2_000.bmp"', u'memory_peak': u'18364'}], u'stderr': u'', u'time': 0.0995488166809082, u'options': u'-pdfa -no-ocr-pdf english', u'exitcode': 0}, u'NSW-Multi-AP-with-PO-Invoice-19052015113740': {u'stdout': u'', u'memory': [{u'command': u'"-word english /home/test/TESTS_release/NSW-Multi-AP-with-PO-Invoice-19052015113740/test_data/NSW Multi AP with PO Invoice-19052015113740.tif"', u'memory_peak': u'126776'}], u'stderr': u'', u'time': 33.01632499694824, u'options': u'-word english', u'exitcode': 0}}
test_name:UNIT_TEST_PHOcrSetting_MemoryPeakThresholdTest
final_combine_result[name]:{u'UNIT_TEST_PHOcrSetting_OCRMultiPagesInParallelTest': {u'memory': [], u'stdout': u'', u'time': 58.8127167224884, u'stderr': u'There are 0/7 test case errors.\n\n ======== Error test cases =======\n', u'exitcode': 0}, u'NO_OCR_PDF_PDFA_25_Text_Graph_2_000': {u'stdout': u'', u'memory': [{u'command': u'"-pdfa -no-ocr-pdf english /home/test/TESTS_release/NO_OCR_PDF_PDFA_25_Text_Graph_2_000/test_data/NO_OCR_PDF_PDFA_25_Text_Graph_2_000.bmp"', u'memory_peak': u'18364'}], u'stderr': u'', u'time': 0.0995488166809082, u'options': u'-pdfa -no-ocr-pdf english', u'exitcode': 0}, u'UNIT_TEST_PHOcrSetting_MemoryPeakThresholdTest': {u'memory': [], u'stdout': u'', u'time': 0, u'stderr': u'There are 0/0 test case errors.\n\n ======== Error test cases =======\n', u'exitcode': 0}, u'NSW-Multi-AP-with-PO-Invoice-19052015113740': {u'stdout': u'', u'memory': [{u'command': u'"-word english /home/test/TESTS_release/NSW-Multi-AP-with-PO-Invoice-19052015113740/test_data/NSW Multi AP with PO Invoice-19052015113740.tif"', u'memory_peak': u'126776'}], u'stderr': u'', u'time': 33.01632499694824, u'options': u'-word english', u'exitcode': 0}}
test_name:59_Italian_Testfile_1
final_combine_result[name]:{u'59_Italian_Testfile_1': {u'stdout': u'', u'memory': [{u'command': u'"-ocr -layout italian /home/test/TESTS_release/59_Italian_Testfile_1/test_data/59_Italian_Testfile_1.jpg"', u'memory_peak': u'31728'}], u'stderr': u'', u'time': 0.2773468494415283, u'options': u'-ocr -layout italian', u'exitcode': 0}, u'UNIT_TEST_PHOcrSetting_OCRMultiPagesInParallelTest': {u'memory': [], u'stdout': u'', u'time': 58.8127167224884, u'stderr': u'There are 0/7 test case errors.\n\n ======== Error test cases =======\n', u'exitcode': 0}, u'NO_OCR_PDF_PDFA_25_Text_Graph_2_000': {u'stdout': u'', u'memory': [{u'command': u'"-pdfa -no-ocr-pdf english /home/test/TESTS_release/NO_OCR_PDF_PDFA_25_Text_Graph_2_000/test_data/NO_OCR_PDF_PDFA_25_Text_Graph_2_000.bmp"', u'memory_peak': u'18364'}], u'stderr': u'', u'time': 0.0995488166809082, u'options': u'-pdfa -no-ocr-pdf english', u'exitcode': 0}, u'UNIT_TEST_PHOcrSetting_MemoryPeakThresholdTest': {u'memory': [], u'stdout': u'', u'time': 0, u'stderr': u'There are 0/0 test case errors.\n\n ======== Error test cases =======\n', u'exitcode': 0}, u'NSW-Multi-AP-with-PO-Invoice-19052015113740': {u'stdout': u'', u'memory': [{u'command': u'"-word english /home/test/TESTS_release/NSW-Multi-AP-with-PO-Invoice-19052015113740/test_data/NSW Multi AP with PO Invoice-19052015113740.tif"', u'memory_peak': u'126776'}], u'stderr': u'', u'time': 33.01632499694824, u'options': u'-word english', u'exitcode': 0}}
test_name:FULL_COLOR_50_PAGES
final_combine_result[name]:{u'NSW-Multi-AP-with-PO-Invoice-19052015113740': {u'stdout': u'', u'memory': [{u'command': u'"-word english /home/test/TESTS_release/NSW-Multi-AP-with-PO-Invoice-19052015113740/test_data/NSW Multi AP with PO Invoice-19052015113740.tif"', u'memory_peak': u'126776'}], u'stderr': u'', u'time': 33.01632499694824, u'options': u'-word english', u'exitcode': 0}, u'UNIT_TEST_PHOcrSetting_OCRMultiPagesInParallelTest': {u'memory': [], u'stdout': u'', u'time': 58.8127167224884, u'stderr': u'There are 0/7 test case errors.\n\n ======== Error test cases =======\n', u'exitcode': 0}, u'NO_OCR_PDF_PDFA_25_Text_Graph_2_000': {u'stdout': u'', u'memory': [{u'command': u'"-pdfa -no-ocr-pdf english /home/test/TESTS_release/NO_OCR_PDF_PDFA_25_Text_Graph_2_000/test_data/NO_OCR_PDF_PDFA_25_Text_Graph_2_000.bmp"', u'memory_peak': u'18364'}], u'stderr': u'', u'time': 0.0995488166809082, u'options': u'-pdfa -no-ocr-pdf english', u'exitcode': 0}, u'UNIT_TEST_PHOcrSetting_MemoryPeakThresholdTest': {u'memory': [], u'stdout': u'', u'time': 0, u'stderr': u'There are 0/0 test case errors.\n\n ======== Error test cases =======\n', u'exitcode': 0}, u'59_Italian_Testfile_1': {u'stdout': u'', u'memory': [{u'command': u'"-ocr -layout italian /home/test/TESTS_release/59_Italian_Testfile_1/test_data/59_Italian_Testfile_1.jpg"', u'memory_peak': u'31728'}], u'stderr': u'', u'time': 0.2773468494415283, u'options': u'-ocr -layout italian', u'exitcode': 0}, u'FULL_COLOR_50_PAGES': {u'stdout': u'', u'memory': [{u'command': u'"-reg_data -ocr english /home/test/TESTS_release/FULL_COLOR_50_PAGES/test_data/FULL_COLOR_50_PAGES.tif"', u'memory_peak': u'149000'}], u'stderr': u'', u'time': 163.79213976860046, u'options': u'-reg_data -ocr english', u'exitcode': 0}}
test_name:55_French_Testfile_1
final_combine_result[name]:{u'NSW-Multi-AP-with-PO-Invoice-19052015113740': {u'stdout': u'', u'memory': [{u'command': u'"-word english /home/test/TESTS_release/NSW-Multi-AP-with-PO-Invoice-19052015113740/test_data/NSW Multi AP with PO Invoice-19052015113740.tif"', u'memory_peak': u'126776'}], u'stderr': u'', u'time': 33.01632499694824, u'options': u'-word english', u'exitcode': 0}, u'UNIT_TEST_PHOcrSetting_OCRMultiPagesInParallelTest': {u'memory': [], u'stdout': u'', u'time': 58.8127167224884, u'stderr': u'There are 0/7 test case errors.\n\n ======== Error test cases =======\n', u'exitcode': 0}, u'NO_OCR_PDF_PDFA_25_Text_Graph_2_000': {u'stdout': u'', u'memory': [{u'command': u'"-pdfa -no-ocr-pdf english /home/test/TESTS_release/NO_OCR_PDF_PDFA_25_Text_Graph_2_000/test_data/NO_OCR_PDF_PDFA_25_Text_Graph_2_000.bmp"', u'memory_peak': u'18364'}], u'stderr': u'', u'time': 0.0995488166809082, u'options': u'-pdfa -no-ocr-pdf english', u'exitcode': 0}, u'UNIT_TEST_PHOcrSetting_MemoryPeakThresholdTest': {u'memory': [], u'stdout': u'', u'time': 0, u'stderr': u'There are 0/0 test case errors.\n\n ======== Error test cases =======\n', u'exitcode': 0}, u'59_Italian_Testfile_1': {u'stdout': u'', u'memory': [{u'command': u'"-ocr -layout italian /home/test/TESTS_release/59_Italian_Testfile_1/test_data/59_Italian_Testfile_1.jpg"', u'memory_peak': u'31728'}], u'stderr': u'', u'time': 0.2773468494415283, u'options': u'-ocr -layout italian', u'exitcode': 0}, u'FULL_COLOR_50_PAGES': {u'stdout': u'', u'memory': [{u'command': u'"-reg_data -ocr english /home/test/TESTS_release/FULL_COLOR_50_PAGES/test_data/FULL_COLOR_50_PAGES.tif"', u'memory_peak': u'149000'}], u'stderr': u'', u'time': 163.79213976860046, u'options': u'-reg_data -ocr english', u'exitcode': 0}, u'55_French_Testfile_1': {u'stdout': u'', u'memory': [{u'command': u'"-ocr -layout french /home/test/TESTS_release/55_French_Testfile_1/test_data/55_French_Testfile_1.jpg"', u'memory_peak': u'27464'}], u'stderr': u'', u'time': 0.2859458923339844, u'options': u'-ocr -layout french', u'exitcode': 0}}
test_name:BUG_28285_41-pager
final_combine_result[name]:{u'NSW-Multi-AP-with-PO-Invoice-19052015113740': {u'stdout': u'', u'memory': [{u'command': u'"-word english /home/test/TESTS_release/NSW-Multi-AP-with-PO-Invoice-19052015113740/test_data/NSW Multi AP with PO Invoice-19052015113740.tif"', u'memory_peak': u'126776'}], u'stderr': u'', u'time': 33.01632499694824, u'options': u'-word english', u'exitcode': 0}, u'UNIT_TEST_PHOcrSetting_OCRMultiPagesInParallelTest': {u'memory': [], u'stdout': u'', u'time': 58.8127167224884, u'stderr': u'There are 0/7 test case errors.\n\n ======== Error test cases =======\n', u'exitcode': 0}, u'NO_OCR_PDF_PDFA_25_Text_Graph_2_000': {u'stdout': u'', u'memory': [{u'command': u'"-pdfa -no-ocr-pdf english /home/test/TESTS_release/NO_OCR_PDF_PDFA_25_Text_Graph_2_000/test_data/NO_OCR_PDF_PDFA_25_Text_Graph_2_000.bmp"', u'memory_peak': u'18364'}], u'stderr': u'', u'time': 0.0995488166809082, u'options': u'-pdfa -no-ocr-pdf english', u'exitcode': 0}, u'UNIT_TEST_PHOcrSetting_MemoryPeakThresholdTest': {u'memory': [], u'stdout': u'', u'time': 0, u'stderr': u'There are 0/0 test case errors.\n\n ======== Error test cases =======\n', u'exitcode': 0}, u'59_Italian_Testfile_1': {u'stdout': u'', u'memory': [{u'command': u'"-ocr -layout italian /home/test/TESTS_release/59_Italian_Testfile_1/test_data/59_Italian_Testfile_1.jpg"', u'memory_peak': u'31728'}], u'stderr': u'', u'time': 0.2773468494415283, u'options': u'-ocr -layout italian', u'exitcode': 0}, u'FULL_COLOR_50_PAGES': {u'stdout': u'', u'memory': [{u'command': u'"-reg_data -ocr english /home/test/TESTS_release/FULL_COLOR_50_PAGES/test_data/FULL_COLOR_50_PAGES.tif"', u'memory_peak': u'149000'}], u'stderr': u'', u'time': 163.79213976860046, u'options': u'-reg_data -ocr english', u'exitcode': 0}, u'55_French_Testfile_1': {u'stdout': u'', u'memory': [{u'command': u'"-ocr -layout french /home/test/TESTS_release/55_French_Testfile_1/test_data/55_French_Testfile_1.jpg"', u'memory_peak': u'27464'}], u'stderr': u'', u'time': 0.2859458923339844, u'options': u'-ocr -layout french', u'exitcode': 0}, u'BUG_28285_41-pager': {u'stdout': u'', u'memory': [{u'command': u'"-parallel_mode 0 -xml /home/test/TESTS_release/BUG_28285_41-pager/scripts/../test_data/BUG_28285_41-pager.tif"', u'memory_peak': u'157868'}], u'stderr': u"FINISHED CPU, don't pass over 250000KB", u'time': 102.13061308860779, u'options': u'/home/test/TESTS_release/BUG_28285_41-pager/scripts/timeout -m 250000 /home/test/PHOcr_C2404_D3_linux_release/bin/PHOcrExe -parallel_mode 0 -xml /home/test/TESTS_release/BUG_28285_41-pager/scripts/../test_data/BUG_28285_41-pager.tif', u'exitcode': 0}}
test_name:FULL_COLOR_60_PAGES
final_combine_result[name]:{u'NSW-Multi-AP-with-PO-Invoice-19052015113740': {u'stdout': u'', u'memory': [{u'command': u'"-word english /home/test/TESTS_release/NSW-Multi-AP-with-PO-Invoice-19052015113740/test_data/NSW Multi AP with PO Invoice-19052015113740.tif"', u'memory_peak': u'126776'}], u'stderr': u'', u'time': 33.01632499694824, u'options': u'-word english', u'exitcode': 0}, u'UNIT_TEST_PHOcrSetting_OCRMultiPagesInParallelTest': {u'memory': [], u'stdout': u'', u'time': 58.8127167224884, u'stderr': u'There are 0/7 test case errors.\n\n ======== Error test cases =======\n', u'exitcode': 0}, u'NO_OCR_PDF_PDFA_25_Text_Graph_2_000': {u'stdout': u'', u'memory': [{u'command': u'"-pdfa -no-ocr-pdf english /home/test/TESTS_release/NO_OCR_PDF_PDFA_25_Text_Graph_2_000/test_data/NO_OCR_PDF_PDFA_25_Text_Graph_2_000.bmp"', u'memory_peak': u'18364'}], u'stderr': u'', u'time': 0.0995488166809082, u'options': u'-pdfa -no-ocr-pdf english', u'exitcode': 0}, u'UNIT_TEST_PHOcrSetting_MemoryPeakThresholdTest': {u'memory': [], u'stdout': u'', u'time': 0, u'stderr': u'There are 0/0 test case errors.\n\n ======== Error test cases =======\n', u'exitcode': 0}, u'59_Italian_Testfile_1': {u'stdout': u'', u'memory': [{u'command': u'"-ocr -layout italian /home/test/TESTS_release/59_Italian_Testfile_1/test_data/59_Italian_Testfile_1.jpg"', u'memory_peak': u'31728'}], u'stderr': u'', u'time': 0.2773468494415283, u'options': u'-ocr -layout italian', u'exitcode': 0}, u'FULL_COLOR_50_PAGES': {u'stdout': u'', u'memory': [{u'command': u'"-reg_data -ocr english /home/test/TESTS_release/FULL_COLOR_50_PAGES/test_data/FULL_COLOR_50_PAGES.tif"', u'memory_peak': u'149000'}], u'stderr': u'', u'time': 163.79213976860046, u'options': u'-reg_data -ocr english', u'exitcode': 0}, u'55_French_Testfile_1': {u'stdout': u'', u'memory': [{u'command': u'"-ocr -layout french /home/test/TESTS_release/55_French_Testfile_1/test_data/55_French_Testfile_1.jpg"', u'memory_peak': u'27464'}], u'stderr': u'', u'time': 0.2859458923339844, u'options': u'-ocr -layout french', u'exitcode': 0}, u'BUG_28285_41-pager': {u'stdout': u'', u'memory': [{u'command': u'"-parallel_mode 0 -xml /home/test/TESTS_release/BUG_28285_41-pager/scripts/../test_data/BUG_28285_41-pager.tif"', u'memory_peak': u'157868'}], u'stderr': u"FINISHED CPU, don't pass over 250000KB", u'time': 102.13061308860779, u'options': u'/home/test/TESTS_release/BUG_28285_41-pager/scripts/timeout -m 250000 /home/test/PHOcr_C2404_D3_linux_release/bin/PHOcrExe -parallel_mode 0 -xml /home/test/TESTS_release/BUG_28285_41-pager/scripts/../test_data/BUG_28285_41-pager.tif', u'exitcode': 0}, u'FULL_COLOR_60_PAGES': {u'stdout': u'', u'memory': [{u'command': u'"-excel -ocr -layout -pdfa english /home/test/TESTS_release/FULL_COLOR_60_PAGES/test_data/FULL_COLOR_60_PAGES.tif"', u'memory_peak': u'319360'}], u'stderr': u'', u'time': 329.2777359485626, u'options': u'-excel -ocr -layout -pdfa english', u'exitcode': 0}}
test_name:UNIT_TEST_PHOcrDocumentConstructorTest
final_combine_result[name]:{u'NSW-Multi-AP-with-PO-Invoice-19052015113740': {u'stdout': u'', u'memory': [{u'command': u'"-word english /home/test/TESTS_release/NSW-Multi-AP-with-PO-Invoice-19052015113740/test_data/NSW Multi AP with PO Invoice-19052015113740.tif"', u'memory_peak': u'126776'}], u'stderr': u'', u'time': 33.01632499694824, u'options': u'-word english', u'exitcode': 0}, u'UNIT_TEST_PHOcrSetting_OCRMultiPagesInParallelTest': {u'memory': [], u'stdout': u'', u'time': 58.8127167224884, u'stderr': u'There are 0/7 test case errors.\n\n ======== Error test cases =======\n', u'exitcode': 0}, u'NO_OCR_PDF_PDFA_25_Text_Graph_2_000': {u'stdout': u'', u'memory': [{u'command': u'"-pdfa -no-ocr-pdf english /home/test/TESTS_release/NO_OCR_PDF_PDFA_25_Text_Graph_2_000/test_data/NO_OCR_PDF_PDFA_25_Text_Graph_2_000.bmp"', u'memory_peak': u'18364'}], u'stderr': u'', u'time': 0.0995488166809082, u'options': u'-pdfa -no-ocr-pdf english', u'exitcode': 0}, u'UNIT_TEST_PHOcrSetting_MemoryPeakThresholdTest': {u'memory': [], u'stdout': u'', u'time': 0, u'stderr': u'There are 0/0 test case errors.\n\n ======== Error test cases =======\n', u'exitcode': 0}, u'59_Italian_Testfile_1': {u'stdout': u'', u'memory': [{u'command': u'"-ocr -layout italian /home/test/TESTS_release/59_Italian_Testfile_1/test_data/59_Italian_Testfile_1.jpg"', u'memory_peak': u'31728'}], u'stderr': u'', u'time': 0.2773468494415283, u'options': u'-ocr -layout italian', u'exitcode': 0}, u'FULL_COLOR_50_PAGES': {u'stdout': u'', u'memory': [{u'command': u'"-reg_data -ocr english /home/test/TESTS_release/FULL_COLOR_50_PAGES/test_data/FULL_COLOR_50_PAGES.tif"', u'memory_peak': u'149000'}], u'stderr': u'', u'time': 163.79213976860046, u'options': u'-reg_data -ocr english', u'exitcode': 0}, u'55_French_Testfile_1': {u'stdout': u'', u'memory': [{u'command': u'"-ocr -layout french /home/test/TESTS_release/55_French_Testfile_1/test_data/55_French_Testfile_1.jpg"', u'memory_peak': u'27464'}], u'stderr': u'', u'time': 0.2859458923339844, u'options': u'-ocr -layout french', u'exitcode': 0}, u'BUG_28285_41-pager': {u'stdout': u'', u'memory': [{u'command': u'"-parallel_mode 0 -xml /home/test/TESTS_release/BUG_28285_41-pager/scripts/../test_data/BUG_28285_41-pager.tif"', u'memory_peak': u'157868'}], u'stderr': u"FINISHED CPU, don't pass over 250000KB", u'time': 102.13061308860779, u'options': u'/home/test/TESTS_release/BUG_28285_41-pager/scripts/timeout -m 250000 /home/test/PHOcr_C2404_D3_linux_release/bin/PHOcrExe -parallel_mode 0 -xml /home/test/TESTS_release/BUG_28285_41-pager/scripts/../test_data/BUG_28285_41-pager.tif', u'exitcode': 0}, u'FULL_COLOR_60_PAGES': {u'stdout': u'', u'memory': [{u'command': u'"-excel -ocr -layout -pdfa english /home/test/TESTS_release/FULL_COLOR_60_PAGES/test_data/FULL_COLOR_60_PAGES.tif"', u'memory_peak': u'319360'}], u'stderr': u'', u'time': 329.2777359485626, u'options': u'-excel -ocr -layout -pdfa english', u'exitcode': 0}, u'UNIT_TEST_PHOcrDocumentConstructorTest': {u'memory': [], u'stdout': u'', u'time': 0.1660468578338623, u'stderr': u'There are 0/9 test case errors.\n\n ======== Error test cases =======\n', u'exitcode': 0}}
test_name:Single_File_10_PAGES
final_combine_result[name]:{u'NSW-Multi-AP-with-PO-Invoice-19052015113740': {u'stdout': u'', u'memory': [{u'command': u'"-word english /home/test/TESTS_release/NSW-Multi-AP-with-PO-Invoice-19052015113740/test_data/NSW Multi AP with PO Invoice-19052015113740.tif"', u'memory_peak': u'126776'}], u'stderr': u'', u'time': 33.01632499694824, u'options': u'-word english', u'exitcode': 0}, u'UNIT_TEST_PHOcrSetting_OCRMultiPagesInParallelTest': {u'memory': [], u'stdout': u'', u'time': 58.8127167224884, u'stderr': u'There are 0/7 test case errors.\n\n ======== Error test cases =======\n', u'exitcode': 0}, u'NO_OCR_PDF_PDFA_25_Text_Graph_2_000': {u'stdout': u'', u'memory': [{u'command': u'"-pdfa -no-ocr-pdf english /home/test/TESTS_release/NO_OCR_PDF_PDFA_25_Text_Graph_2_000/test_data/NO_OCR_PDF_PDFA_25_Text_Graph_2_000.bmp"', u'memory_peak': u'18364'}], u'stderr': u'', u'time': 0.0995488166809082, u'options': u'-pdfa -no-ocr-pdf english', u'exitcode': 0}, u'UNIT_TEST_PHOcrSetting_MemoryPeakThresholdTest': {u'memory': [], u'stdout': u'', u'time': 0, u'stderr': u'There are 0/0 test case errors.\n\n ======== Error test cases =======\n', u'exitcode': 0}, u'59_Italian_Testfile_1': {u'stdout': u'', u'memory': [{u'command': u'"-ocr -layout italian /home/test/TESTS_release/59_Italian_Testfile_1/test_data/59_Italian_Testfile_1.jpg"', u'memory_peak': u'31728'}], u'stderr': u'', u'time': 0.2773468494415283, u'options': u'-ocr -layout italian', u'exitcode': 0}, u'FULL_COLOR_50_PAGES': {u'stdout': u'', u'memory': [{u'command': u'"-reg_data -ocr english /home/test/TESTS_release/FULL_COLOR_50_PAGES/test_data/FULL_COLOR_50_PAGES.tif"', u'memory_peak': u'149000'}], u'stderr': u'', u'time': 163.79213976860046, u'options': u'-reg_data -ocr english', u'exitcode': 0}, u'55_French_Testfile_1': {u'stdout': u'', u'memory': [{u'command': u'"-ocr -layout french /home/test/TESTS_release/55_French_Testfile_1/test_data/55_French_Testfile_1.jpg"', u'memory_peak': u'27464'}], u'stderr': u'', u'time': 0.2859458923339844, u'options': u'-ocr -layout french', u'exitcode': 0}, u'BUG_28285_41-pager': {u'stdout': u'', u'memory': [{u'command': u'"-parallel_mode 0 -xml /home/test/TESTS_release/BUG_28285_41-pager/scripts/../test_data/BUG_28285_41-pager.tif"', u'memory_peak': u'157868'}], u'stderr': u"FINISHED CPU, don't pass over 250000KB", u'time': 102.13061308860779, u'options': u'/home/test/TESTS_release/BUG_28285_41-pager/scripts/timeout -m 250000 /home/test/PHOcr_C2404_D3_linux_release/bin/PHOcrExe -parallel_mode 0 -xml /home/test/TESTS_release/BUG_28285_41-pager/scripts/../test_data/BUG_28285_41-pager.tif', u'exitcode': 0}, u'FULL_COLOR_60_PAGES': {u'stdout': u'', u'memory': [{u'command': u'"-excel -ocr -layout -pdfa english /home/test/TESTS_release/FULL_COLOR_60_PAGES/test_data/FULL_COLOR_60_PAGES.tif"', u'memory_peak': u'319360'}], u'stderr': u'', u'time': 329.2777359485626, u'options': u'-excel -ocr -layout -pdfa english', u'exitcode': 0}, u'UNIT_TEST_PHOcrDocumentConstructorTest': {u'memory': [], u'stdout': u'', u'time': 0.1660468578338623, u'stderr': u'There are 0/9 test case errors.\n\n ======== Error test cases =======\n', u'exitcode': 0}, u'Single_File_10_PAGES': {u'time': 53.606165170669556, u'stdout': u'', u'options': u'-pdfa-photo-halftone --export-single-file english /home/test/TESTS_release/Single_File_10_PAGES/test_data/Single_File_10_PAGES.tif', u'stderr': u'', u'exitcode': 0}}
final_combine_result:{u'NSW-Multi-AP-with-PO-Invoice-19052015113740': {u'stdout': u'', u'memory': [{u'command': u'"-word english /home/test/TESTS_release/NSW-Multi-AP-with-PO-Invoice-19052015113740/test_data/NSW Multi AP with PO Invoice-19052015113740.tif"', u'memory_peak': u'126776'}], u'stderr': u'', u'time': 33.01632499694824, u'options': u'-word english', u'exitcode': 0}, u'UNIT_TEST_PHOcrSetting_OCRMultiPagesInParallelTest': {u'memory': [], u'stdout': u'', u'time': 58.8127167224884, u'stderr': u'There are 0/7 test case errors.\n\n ======== Error test cases =======\n', u'exitcode': 0}, u'NO_OCR_PDF_PDFA_25_Text_Graph_2_000': {u'stdout': u'', u'memory': [{u'command': u'"-pdfa -no-ocr-pdf english /home/test/TESTS_release/NO_OCR_PDF_PDFA_25_Text_Graph_2_000/test_data/NO_OCR_PDF_PDFA_25_Text_Graph_2_000.bmp"', u'memory_peak': u'18364'}], u'stderr': u'', u'time': 0.0995488166809082, u'options': u'-pdfa -no-ocr-pdf english', u'exitcode': 0}, u'UNIT_TEST_PHOcrSetting_MemoryPeakThresholdTest': {u'memory': [], u'stdout': u'', u'time': 0, u'stderr': u'There are 0/0 test case errors.\n\n ======== Error test cases =======\n', u'exitcode': 0}, u'59_Italian_Testfile_1': {u'stdout': u'', u'memory': [{u'command': u'"-ocr -layout italian /home/test/TESTS_release/59_Italian_Testfile_1/test_data/59_Italian_Testfile_1.jpg"', u'memory_peak': u'31728'}], u'stderr': u'', u'time': 0.2773468494415283, u'options': u'-ocr -layout italian', u'exitcode': 0}, u'FULL_COLOR_50_PAGES': {u'stdout': u'', u'memory': [{u'command': u'"-reg_data -ocr english /home/test/TESTS_release/FULL_COLOR_50_PAGES/test_data/FULL_COLOR_50_PAGES.tif"', u'memory_peak': u'149000'}], u'stderr': u'', u'time': 163.79213976860046, u'options': u'-reg_data -ocr english', u'exitcode': 0}, u'55_French_Testfile_1': {u'stdout': u'', u'memory': [{u'command': u'"-ocr -layout french /home/test/TESTS_release/55_French_Testfile_1/test_data/55_French_Testfile_1.jpg"', u'memory_peak': u'27464'}], u'stderr': u'', u'time': 0.2859458923339844, u'options': u'-ocr -layout french', u'exitcode': 0}, u'BUG_28285_41-pager': {u'stdout': u'', u'memory': [{u'command': u'"-parallel_mode 0 -xml /home/test/TESTS_release/BUG_28285_41-pager/scripts/../test_data/BUG_28285_41-pager.tif"', u'memory_peak': u'157868'}], u'stderr': u"FINISHED CPU, don't pass over 250000KB", u'time': 102.13061308860779, u'options': u'/home/test/TESTS_release/BUG_28285_41-pager/scripts/timeout -m 250000 /home/test/PHOcr_C2404_D3_linux_release/bin/PHOcrExe -parallel_mode 0 -xml /home/test/TESTS_release/BUG_28285_41-pager/scripts/../test_data/BUG_28285_41-pager.tif', u'exitcode': 0}, u'FULL_COLOR_60_PAGES': {u'stdout': u'', u'memory': [{u'command': u'"-excel -ocr -layout -pdfa english /home/test/TESTS_release/FULL_COLOR_60_PAGES/test_data/FULL_COLOR_60_PAGES.tif"', u'memory_peak': u'319360'}], u'stderr': u'', u'time': 329.2777359485626, u'options': u'-excel -ocr -layout -pdfa english', u'exitcode': 0}, u'UNIT_TEST_PHOcrDocumentConstructorTest': {u'memory': [], u'stdout': u'', u'time': 0.1660468578338623, u'stderr': u'There are 0/9 test case errors.\n\n ======== Error test cases =======\n', u'exitcode': 0}, u'Single_File_10_PAGES': {u'time': 53.606165170669556, u'stdout': u'', u'options': u'-pdfa-photo-halftone --export-single-file english /home/test/TESTS_release/Single_File_10_PAGES/test_data/Single_File_10_PAGES.tif', u'stderr': u'', u'exitcode': 0}}
[Ubuntu10.04-32bit-1][11/14/2019 11:13:17] End of step Combine test result json file on node successfully: 0.003005027771s
[Ubuntu10.04-32bit-1][11/14/2019 11:13:17] >>> Copy test output from to node
command put in vm_test_linux:cp -rn /home/test/TESTS_release /home/test/shared/Ubuntu10.04-32bit-1
command put in vm_test_linux:cp -rn /home/test/TESTS_memory /home/test/shared/Ubuntu10.04-32bit-1
[Ubuntu10.04-32bit-1][11/14/2019 11:13:19] End of step Copy test output from to node successfully: 1.97800707817s
[Ubuntu10.04-32bit-1][11/14/2019 11:13:19] >>> Combine test cases to final folder
***Combine test cases****
test_folder: /home/ocr2/jenkins/workspace/test/linux_results/Ubuntu10.04-32bit-1/TESTS
release_test_cases: /home/ocr2/jenkins/workspace/test/linux_results/Ubuntu10.04-32bit-1/TESTS_release/*
memory_test_cases
[Ubuntu10.04-32bit-1][11/14/2019 11:13:24] End of step Combine test cases to final folder successfully: 4.34835410118s
[Ubuntu10.04-32bit-1][11/14/2019 11:13:24] >>> Compare test output results
***compare result****
output_file:linux_results/Ubuntu10.04-32bit-1/compare_result.json
output_folder:linux_results/Ubuntu10.04-32bit-1/compare_result
test_file:linux_results/Ubuntu10.04-32bit-1/test_result.json
processes:[<Process(Process-2, initial)>]

*** COMPARE START ***
[1/17] Compare for testcase "55_French_Testfile_1"
Compare bounding box
[2/17] Compare for testcase "59_Italian_Testfile_1"
Compare bounding box
[3/17] Compare for testcase "BUG_28285_41-pager"
Compare folder
[4/17] Compare for testcase "FULL_COLOR_50_PAGES"
Compare folder
[5/17] Compare for testcase "FULL_COLOR_60_PAGES"
Compare bounding box
Compare excel file
Compare pdfa file
[6/17] Compare for testcase "Memcheck_Excel_23_Table_000_PoC_FinalTarget1"
[7/17] Compare for testcase "Memcheck_FileSizeOpt_PDF_deskew_orientation_A4_300DPI_GS_SinglePage_tif"
[8/17] Compare for testcase "Memcheck_PDFA_06_3BillsCondensed01_page_0002"
[9/17] Compare for testcase "Memcheck_Web_api_gray_pdfa_bin_optm"
[10/17] Compare for testcase "Memcheck_Web_api_gray_pdfa_halftone_optm"
[11/17] Compare for testcase "Memcheck_Web_api_gray_pdfa_halftone_optm_deskew_orientation"
[12/17] Compare for testcase "NO_OCR_PDF_PDFA_25_Text_Graph_2_000"
Compare pdfa file
[13/17] Compare for testcase "NSW-Multi-AP-with-PO-Invoice-19052015113740"
Compare docx file
[14/17] Compare for testcase "Single_File_10_PAGES"
[15/17] Compare for testcase "UNIT_TEST_PHOcrDocumentConstructorTest"
[16/17] Compare for testcase "UNIT_TEST_PHOcrSetting_MemoryPeakThresholdTest"
[17/17] Compare for testcase "UNIT_TEST_PHOcrSetting_OCRMultiPagesInParallelTest"
*** COMPARE END ***
[Ubuntu10.04-32bit-1][11/14/2019 11:14:02] End of step Compare test output results successfully: 38.3369569778s
[Ubuntu10.04-32bit-1][11/14/2019 11:14:02] >>> Collect changed and error test cases
***Collect output*****
test_file :linux_results/Ubuntu10.04-32bit-1/test_result.json
compare_file:linux_results/Ubuntu10.04-32bit-1/compare_result.json
platform_folder:test_result/linux
change_list:[u'BUG_28285_41-pager', u'NSW-Multi-AP-with-PO-Invoice-19052015113740', u'UNIT_TEST_PHOcrDocumentConstructorTest']
[Ubuntu10.04-32bit-1][11/14/2019 11:14:02] End of step Collect changed and error test cases successfully: 0.0872778892517s
[Ubuntu10.04-32bit-1][11/14/2019 11:14:02] >>> Stop virtual machine
[Ubuntu10.04-32bit-1][11/14/2019 11:14:03] End of step Stop virtual machine successfully: 0.497447013855s
[ocr2][11/14/2019 11:14:03] End of step Working on virtual machines successfully: 20.0m 55.5190038681s
[ocr2][11/14/2019 11:14:03] >>> Get status of system
[ocr2][11/14/2019 11:14:03] End of step Get status of system successfully: 0.0002601146698s
[ocr2][11/14/2019 11:14:03] >>> Arrange test results from test virtual machines
[ocr2][11/14/2019 11:14:03] [1/2] Combine results of Ubuntu10.04-32bit-2
[ocr2][11/14/2019 11:14:03] [2/2] Combine results of Ubuntu10.04-32bit-1
[ocr2][11/14/2019 11:14:03] End of step Arrange test results from test virtual machines successfully: 0.146295070648s
